0 info it worked if it ends with ok
1 verbose cli [ '/usr/bin/node',
1 verbose cli   '/usr/share/npm/bin/npm-cli.js',
1 verbose cli   'install',
1 verbose cli   '--scripts-prepend-node-path=auto' ]
2 info using npm@3.5.2
3 info using node@v8.10.0
4 silly loadCurrentTree Starting
5 silly install loadCurrentTree
6 silly install readLocalPackageData
7 silly install normalizeTree
8 silly loadCurrentTree Finishing
9 silly loadIdealTree Starting
10 silly install loadIdealTree
11 silly cloneCurrentTree Starting
12 silly install cloneCurrentTreeToIdealTree
13 silly cloneCurrentTree Finishing
14 silly loadShrinkwrap Starting
15 silly install loadShrinkwrap
16 silly loadShrinkwrap Finishing
17 silly loadAllDepsIntoIdealTree Starting
18 silly install loadAllDepsIntoIdealTree
19 silly fetchNamedPackageData body-parser
20 silly mapToRegistry name body-parser
21 silly mapToRegistry using default registry
22 silly mapToRegistry registry https://registry.npmjs.org/
23 silly mapToRegistry uri https://registry.npmjs.org/body-parser
24 verbose request uri https://registry.npmjs.org/body-parser
25 verbose request no auth needed
26 info attempt registry request try #1 at 9:21:21 AM
27 verbose request id 20760a9ea743df2b
28 verbose etag W/"e0598ee49f5ed3ff57527207ccebbdbf"
29 verbose lastModified Sun, 10 Mar 2019 10:48:31 GMT
30 http request GET https://registry.npmjs.org/body-parser
31 http 304 https://registry.npmjs.org/body-parser
32 verbose headers { date: 'Tue, 09 Apr 2019 03:51:22 GMT',
32 verbose headers   connection: 'keep-alive',
32 verbose headers   'set-cookie':
32 verbose headers    [ '__cfduid=d84d149374b089ce795a2d9c4fbbdafc31554781882; expires=Wed, 08-Apr-20 03:51:22 GMT; path=/; domain=.registry.npmjs.org; HttpOnly' ],
32 verbose headers   'cf-cache-status': 'HIT',
32 verbose headers   'cache-control': 'max-age=300',
32 verbose headers   'cf-ray': '4c4985aaaf308a91-BOM',
32 verbose headers   etag: '"e0598ee49f5ed3ff57527207ccebbdbf"',
32 verbose headers   'expect-ct': 'max-age=604800, report-uri="https://report-uri.cloudflare.com/cdn-cgi/beacon/expect-ct"',
32 verbose headers   'last-modified': 'Sun, 10 Mar 2019 10:48:31 GMT',
32 verbose headers   vary: 'accept-encoding, accept',
32 verbose headers   'x-amz-meta-rev': '794-3a6ca8c9513d79156a393620033de827',
32 verbose headers   server: 'cloudflare' }
33 silly get cb [ 304,
33 silly get   { date: 'Tue, 09 Apr 2019 03:51:22 GMT',
33 silly get     connection: 'keep-alive',
33 silly get     'set-cookie':
33 silly get      [ '__cfduid=d84d149374b089ce795a2d9c4fbbdafc31554781882; expires=Wed, 08-Apr-20 03:51:22 GMT; path=/; domain=.registry.npmjs.org; HttpOnly' ],
33 silly get     'cf-cache-status': 'HIT',
33 silly get     'cache-control': 'max-age=300',
33 silly get     'cf-ray': '4c4985aaaf308a91-BOM',
33 silly get     etag: '"e0598ee49f5ed3ff57527207ccebbdbf"',
33 silly get     'expect-ct': 'max-age=604800, report-uri="https://report-uri.cloudflare.com/cdn-cgi/beacon/expect-ct"',
33 silly get     'last-modified': 'Sun, 10 Mar 2019 10:48:31 GMT',
33 silly get     vary: 'accept-encoding, accept',
33 silly get     'x-amz-meta-rev': '794-3a6ca8c9513d79156a393620033de827',
33 silly get     server: 'cloudflare' } ]
34 verbose etag https://registry.npmjs.org/body-parser from cache
35 verbose get saving body-parser to /home/fury/.npm/registry.npmjs.org/body-parser/.cache.json
36 silly resolveWithNewModule body-parser@1.18.3 checking installable status
37 silly cache add args [ 'body-parser@latest', null ]
38 verbose cache add spec body-parser@latest
39 silly cache add parsed spec Result {
39 silly cache add   raw: 'body-parser@latest',
39 silly cache add   scope: null,
39 silly cache add   name: 'body-parser',
39 silly cache add   rawSpec: 'latest',
39 silly cache add   spec: 'latest',
39 silly cache add   type: 'tag' }
40 silly addNamed body-parser@latest
41 verbose addNamed "latest" is being treated as a dist-tag for body-parser
42 info addNameTag [ 'body-parser', 'latest' ]
43 silly mapToRegistry name body-parser
44 silly mapToRegistry using default registry
45 silly mapToRegistry registry https://registry.npmjs.org/
46 silly mapToRegistry uri https://registry.npmjs.org/body-parser
47 verbose addNameTag registry:https://registry.npmjs.org/body-parser not in flight; fetching
48 verbose get https://registry.npmjs.org/body-parser not expired, no request
49 silly addNameTag next cb for body-parser with tag latest
50 silly addNamed body-parser@1.18.3
51 verbose addNamed "1.18.3" is a plain semver version for body-parser
52 silly cache afterAdd body-parser@1.18.3
53 verbose afterAdd /home/fury/.npm/body-parser/1.18.3/package/package.json not in flight; writing
54 verbose afterAdd /home/fury/.npm/body-parser/1.18.3/package/package.json written
55 silly fetchNamedPackageData bytes
56 silly mapToRegistry name bytes
57 silly mapToRegistry using default registry
58 silly mapToRegistry registry https://registry.npmjs.org/
59 silly mapToRegistry uri https://registry.npmjs.org/bytes
60 silly fetchNamedPackageData raw-body
61 silly mapToRegistry name raw-body
62 silly mapToRegistry using default registry
63 silly mapToRegistry registry https://registry.npmjs.org/
64 silly mapToRegistry uri https://registry.npmjs.org/raw-body
65 verbose request uri https://registry.npmjs.org/bytes
66 verbose request no auth needed
67 info attempt registry request try #1 at 9:21:22 AM
68 verbose etag W/"5c1118067856f08ca2b54f87da5a5e93"
69 verbose lastModified Wed, 23 Jan 2019 04:43:38 GMT
70 http request GET https://registry.npmjs.org/bytes
71 verbose request uri https://registry.npmjs.org/raw-body
72 verbose request no auth needed
73 info attempt registry request try #1 at 9:21:22 AM
74 verbose etag W/"23a20b3fb2aae88192a0552cfee0ceed"
75 verbose lastModified Sun, 27 May 2018 13:37:30 GMT
76 http request GET https://registry.npmjs.org/raw-body
77 http 304 https://registry.npmjs.org/bytes
78 verbose headers { date: 'Tue, 09 Apr 2019 03:51:22 GMT',
78 verbose headers   connection: 'keep-alive',
78 verbose headers   'set-cookie':
78 verbose headers    [ '__cfduid=d84d149374b089ce795a2d9c4fbbdafc31554781882; expires=Wed, 08-Apr-20 03:51:22 GMT; path=/; domain=.registry.npmjs.org; HttpOnly' ],
78 verbose headers   'cf-cache-status': 'HIT',
78 verbose headers   'cache-control': 'max-age=300',
78 verbose headers   'cf-ray': '4c4985ad19588a91-BOM',
78 verbose headers   etag: '"5c1118067856f08ca2b54f87da5a5e93"',
78 verbose headers   'expect-ct': 'max-age=604800, report-uri="https://report-uri.cloudflare.com/cdn-cgi/beacon/expect-ct"',
78 verbose headers   'last-modified': 'Wed, 23 Jan 2019 04:43:38 GMT',
78 verbose headers   vary: 'accept-encoding, accept',
78 verbose headers   'x-amz-meta-rev': '62-6e56368d7301be96c1c5d8b79211baa2',
78 verbose headers   server: 'cloudflare' }
79 silly get cb [ 304,
79 silly get   { date: 'Tue, 09 Apr 2019 03:51:22 GMT',
79 silly get     connection: 'keep-alive',
79 silly get     'set-cookie':
79 silly get      [ '__cfduid=d84d149374b089ce795a2d9c4fbbdafc31554781882; expires=Wed, 08-Apr-20 03:51:22 GMT; path=/; domain=.registry.npmjs.org; HttpOnly' ],
79 silly get     'cf-cache-status': 'HIT',
79 silly get     'cache-control': 'max-age=300',
79 silly get     'cf-ray': '4c4985ad19588a91-BOM',
79 silly get     etag: '"5c1118067856f08ca2b54f87da5a5e93"',
79 silly get     'expect-ct': 'max-age=604800, report-uri="https://report-uri.cloudflare.com/cdn-cgi/beacon/expect-ct"',
79 silly get     'last-modified': 'Wed, 23 Jan 2019 04:43:38 GMT',
79 silly get     vary: 'accept-encoding, accept',
79 silly get     'x-amz-meta-rev': '62-6e56368d7301be96c1c5d8b79211baa2',
79 silly get     server: 'cloudflare' } ]
80 verbose etag https://registry.npmjs.org/bytes from cache
81 verbose get saving bytes to /home/fury/.npm/registry.npmjs.org/bytes/.cache.json
82 silly resolveWithNewModule bytes@3.0.0 checking installable status
83 silly cache add args [ 'bytes@3.0.0', null ]
84 verbose cache add spec bytes@3.0.0
85 silly cache add parsed spec Result {
85 silly cache add   raw: 'bytes@3.0.0',
85 silly cache add   scope: null,
85 silly cache add   name: 'bytes',
85 silly cache add   rawSpec: '3.0.0',
85 silly cache add   spec: '3.0.0',
85 silly cache add   type: 'version' }
86 silly addNamed bytes@3.0.0
87 verbose addNamed "3.0.0" is a plain semver version for bytes
88 silly mapToRegistry name bytes
89 silly mapToRegistry using default registry
90 silly mapToRegistry registry https://registry.npmjs.org/
91 silly mapToRegistry uri https://registry.npmjs.org/bytes
92 verbose addNameVersion registry:https://registry.npmjs.org/bytes not in flight; fetching
93 verbose get https://registry.npmjs.org/bytes not expired, no request
94 silly cache afterAdd bytes@3.0.0
95 verbose afterAdd /home/fury/.npm/bytes/3.0.0/package/package.json not in flight; writing
96 verbose afterAdd /home/fury/.npm/bytes/3.0.0/package/package.json written
97 http 304 https://registry.npmjs.org/raw-body
98 verbose headers { date: 'Tue, 09 Apr 2019 03:51:22 GMT',
98 verbose headers   connection: 'keep-alive',
98 verbose headers   'set-cookie':
98 verbose headers    [ '__cfduid=df6ccf0a741325eac6f41a2367612b2371554781882; expires=Wed, 08-Apr-20 03:51:22 GMT; path=/; domain=.registry.npmjs.org; HttpOnly' ],
98 verbose headers   'cf-cache-status': 'HIT',
98 verbose headers   'cache-control': 'max-age=300',
98 verbose headers   'cf-ray': '4c4985adbee38a73-BOM',
98 verbose headers   etag: '"23a20b3fb2aae88192a0552cfee0ceed"',
98 verbose headers   'expect-ct': 'max-age=604800, report-uri="https://report-uri.cloudflare.com/cdn-cgi/beacon/expect-ct"',
98 verbose headers   'last-modified': 'Sun, 27 May 2018 13:37:30 GMT',
98 verbose headers   vary: 'accept-encoding, accept',
98 verbose headers   server: 'cloudflare' }
99 silly get cb [ 304,
99 silly get   { date: 'Tue, 09 Apr 2019 03:51:22 GMT',
99 silly get     connection: 'keep-alive',
99 silly get     'set-cookie':
99 silly get      [ '__cfduid=df6ccf0a741325eac6f41a2367612b2371554781882; expires=Wed, 08-Apr-20 03:51:22 GMT; path=/; domain=.registry.npmjs.org; HttpOnly' ],
99 silly get     'cf-cache-status': 'HIT',
99 silly get     'cache-control': 'max-age=300',
99 silly get     'cf-ray': '4c4985adbee38a73-BOM',
99 silly get     etag: '"23a20b3fb2aae88192a0552cfee0ceed"',
99 silly get     'expect-ct': 'max-age=604800, report-uri="https://report-uri.cloudflare.com/cdn-cgi/beacon/expect-ct"',
99 silly get     'last-modified': 'Sun, 27 May 2018 13:37:30 GMT',
99 silly get     vary: 'accept-encoding, accept',
99 silly get     server: 'cloudflare' } ]
100 verbose etag https://registry.npmjs.org/raw-body from cache
101 verbose get saving raw-body to /home/fury/.npm/registry.npmjs.org/raw-body/.cache.json
102 silly resolveWithNewModule raw-body@2.3.3 checking installable status
103 silly cache add args [ 'raw-body@2.3.3', null ]
104 verbose cache add spec raw-body@2.3.3
105 silly cache add parsed spec Result {
105 silly cache add   raw: 'raw-body@2.3.3',
105 silly cache add   scope: null,
105 silly cache add   name: 'raw-body',
105 silly cache add   rawSpec: '2.3.3',
105 silly cache add   spec: '2.3.3',
105 silly cache add   type: 'version' }
106 silly addNamed raw-body@2.3.3
107 verbose addNamed "2.3.3" is a plain semver version for raw-body
108 silly mapToRegistry name raw-body
109 silly mapToRegistry using default registry
110 silly mapToRegistry registry https://registry.npmjs.org/
111 silly mapToRegistry uri https://registry.npmjs.org/raw-body
112 verbose addNameVersion registry:https://registry.npmjs.org/raw-body not in flight; fetching
113 verbose get https://registry.npmjs.org/raw-body not expired, no request
114 silly cache afterAdd raw-body@2.3.3
115 verbose afterAdd /home/fury/.npm/raw-body/2.3.3/package/package.json not in flight; writing
116 verbose afterAdd /home/fury/.npm/raw-body/2.3.3/package/package.json written
117 silly fetchNamedPackageData fsevents
118 silly mapToRegistry name fsevents
119 silly mapToRegistry using default registry
120 silly mapToRegistry registry https://registry.npmjs.org/
121 silly mapToRegistry uri https://registry.npmjs.org/fsevents
122 verbose request uri https://registry.npmjs.org/fsevents
123 verbose request no auth needed
124 info attempt registry request try #1 at 9:21:23 AM
125 verbose etag W/"7bd58ac98a3418567904e2ad5cdfa393"
126 verbose lastModified Mon, 01 Apr 2019 13:51:10 GMT
127 http request GET https://registry.npmjs.org/fsevents
128 http 304 https://registry.npmjs.org/fsevents
129 verbose headers { date: 'Tue, 09 Apr 2019 03:51:23 GMT',
129 verbose headers   connection: 'keep-alive',
129 verbose headers   'set-cookie':
129 verbose headers    [ '__cfduid=d21916655b0ddbb4fa1ad0a67276bd5321554781883; expires=Wed, 08-Apr-20 03:51:23 GMT; path=/; domain=.registry.npmjs.org; HttpOnly' ],
129 verbose headers   'cf-cache-status': 'HIT',
129 verbose headers   'cache-control': 'max-age=300',
129 verbose headers   'cf-ray': '4c4985b18df18a91-BOM',
129 verbose headers   etag: '"7bd58ac98a3418567904e2ad5cdfa393"',
129 verbose headers   'expect-ct': 'max-age=604800, report-uri="https://report-uri.cloudflare.com/cdn-cgi/beacon/expect-ct"',
129 verbose headers   'last-modified': 'Mon, 01 Apr 2019 13:51:10 GMT',
129 verbose headers   vary: 'accept-encoding, accept',
129 verbose headers   'x-amz-meta-rev': '100-ec8e51500695259508ca437f63f26241',
129 verbose headers   server: 'cloudflare' }
130 silly get cb [ 304,
130 silly get   { date: 'Tue, 09 Apr 2019 03:51:23 GMT',
130 silly get     connection: 'keep-alive',
130 silly get     'set-cookie':
130 silly get      [ '__cfduid=d21916655b0ddbb4fa1ad0a67276bd5321554781883; expires=Wed, 08-Apr-20 03:51:23 GMT; path=/; domain=.registry.npmjs.org; HttpOnly' ],
130 silly get     'cf-cache-status': 'HIT',
130 silly get     'cache-control': 'max-age=300',
130 silly get     'cf-ray': '4c4985b18df18a91-BOM',
130 silly get     etag: '"7bd58ac98a3418567904e2ad5cdfa393"',
130 silly get     'expect-ct': 'max-age=604800, report-uri="https://report-uri.cloudflare.com/cdn-cgi/beacon/expect-ct"',
130 silly get     'last-modified': 'Mon, 01 Apr 2019 13:51:10 GMT',
130 silly get     vary: 'accept-encoding, accept',
130 silly get     'x-amz-meta-rev': '100-ec8e51500695259508ca437f63f26241',
130 silly get     server: 'cloudflare' } ]
131 verbose etag https://registry.npmjs.org/fsevents from cache
132 verbose get saving fsevents to /home/fury/.npm/registry.npmjs.org/fsevents/.cache.json
133 silly resolveWithNewModule fsevents@1.2.7 checking installable status
134 silly fetchNamedPackageData fsevents
135 silly mapToRegistry name fsevents
136 silly mapToRegistry using default registry
137 silly mapToRegistry registry https://registry.npmjs.org/
138 silly mapToRegistry uri https://registry.npmjs.org/fsevents
139 silly resolveWithNewModule fsevents@1.2.7 checking installable status
140 silly loadAllDepsIntoIdealTree Finishing
141 silly idealTree:prePrune mean@0.0.0
141 silly idealTree:prePrune +-- @angular-devkit/architect@0.13.7
141 silly idealTree:prePrune +-- @angular-devkit/core@7.3.7
141 silly idealTree:prePrune | +-- chokidar@2.0.4
141 silly idealTree:prePrune | +-- normalize-path@2.1.1
141 silly idealTree:prePrune | `-- source-map@0.7.3
141 silly idealTree:prePrune +-- @angular-devkit/schematics@7.3.7
141 silly idealTree:prePrune +-- @angular/cli@7.3.7
141 silly idealTree:prePrune | `-- semver@5.6.0
141 silly idealTree:prePrune +-- @schematics/angular@7.3.7
141 silly idealTree:prePrune +-- @schematics/update@0.13.7
141 silly idealTree:prePrune | `-- semver@5.6.0
141 silly idealTree:prePrune +-- @yarnpkg/lockfile@1.1.0
141 silly idealTree:prePrune +-- abbrev@1.1.1
141 silly idealTree:prePrune +-- accepts@1.3.5
141 silly idealTree:prePrune +-- agent-base@4.2.1
141 silly idealTree:prePrune +-- agentkeepalive@3.5.2
141 silly idealTree:prePrune +-- ajv@6.9.1
141 silly idealTree:prePrune +-- ansi-align@2.0.0
141 silly idealTree:prePrune +-- ansi-escapes@3.2.0
141 silly idealTree:prePrune +-- ansi-regex@3.0.0
141 silly idealTree:prePrune +-- ansi-styles@3.2.1
141 silly idealTree:prePrune +-- anymatch@2.0.0
141 silly idealTree:prePrune | `-- normalize-path@2.1.1
141 silly idealTree:prePrune +-- aproba@1.2.0
141 silly idealTree:prePrune +-- are-we-there-yet@1.1.5
141 silly idealTree:prePrune +-- arr-diff@4.0.0
141 silly idealTree:prePrune +-- arr-flatten@1.1.0
141 silly idealTree:prePrune +-- arr-union@3.1.0
141 silly idealTree:prePrune +-- array-flatten@1.1.1
141 silly idealTree:prePrune +-- array-unique@0.3.2
141 silly idealTree:prePrune +-- asn1@0.2.4
141 silly idealTree:prePrune +-- assert-plus@1.0.0
141 silly idealTree:prePrune +-- assign-symbols@1.0.0
141 silly idealTree:prePrune +-- async-each@1.0.2
141 silly idealTree:prePrune +-- async@2.6.1
141 silly idealTree:prePrune +-- asynckit@0.4.0
141 silly idealTree:prePrune +-- atob@2.1.2
141 silly idealTree:prePrune +-- aws-sign2@0.7.0
141 silly idealTree:prePrune +-- aws4@1.8.0
141 silly idealTree:prePrune +-- balanced-match@1.0.0
141 silly idealTree:prePrune +-- base@0.11.2
141 silly idealTree:prePrune | +-- define-property@1.0.0
141 silly idealTree:prePrune | +-- is-accessor-descriptor@1.0.0
141 silly idealTree:prePrune | +-- is-data-descriptor@1.0.0
141 silly idealTree:prePrune | `-- is-descriptor@1.0.2
141 silly idealTree:prePrune +-- basic-auth@2.0.1
141 silly idealTree:prePrune +-- bcrypt-pbkdf@1.0.2
141 silly idealTree:prePrune +-- bcrypt@3.0.5
141 silly idealTree:prePrune +-- binary-extensions@1.13.1
141 silly idealTree:prePrune +-- bluebird@3.5.1
141 silly idealTree:prePrune +-- body-parser@1.18.3
141 silly idealTree:prePrune +-- boxen@1.3.0
141 silly idealTree:prePrune +-- brace-expansion@1.1.11
141 silly idealTree:prePrune +-- braces@2.3.2
141 silly idealTree:prePrune | `-- extend-shallow@2.0.1
141 silly idealTree:prePrune +-- bson@1.1.1
141 silly idealTree:prePrune +-- buffer-from@1.1.1
141 silly idealTree:prePrune +-- builtins@1.0.3
141 silly idealTree:prePrune +-- bytes@3.0.0
141 silly idealTree:prePrune +-- c3@0.6.14
141 silly idealTree:prePrune +-- cacache@11.3.2
141 silly idealTree:prePrune | +-- bluebird@3.5.3
141 silly idealTree:prePrune | +-- lru-cache@5.1.1
141 silly idealTree:prePrune | `-- yallist@3.0.3
141 silly idealTree:prePrune +-- cache-base@1.0.1
141 silly idealTree:prePrune +-- camelcase@4.1.0
141 silly idealTree:prePrune +-- capture-stack-trace@1.0.1
141 silly idealTree:prePrune +-- caseless@0.12.0
141 silly idealTree:prePrune +-- chalk@2.4.2
141 silly idealTree:prePrune +-- chardet@0.7.0
141 silly idealTree:prePrune +-- chokidar@2.1.5
141 silly idealTree:prePrune +-- chownr@1.1.1
141 silly idealTree:prePrune +-- ci-info@1.6.0
141 silly idealTree:prePrune +-- class-utils@0.3.6
141 silly idealTree:prePrune | `-- define-property@0.2.5
141 silly idealTree:prePrune +-- cli-boxes@1.0.0
141 silly idealTree:prePrune +-- cli-cursor@2.1.0
141 silly idealTree:prePrune +-- cli-width@2.2.0
141 silly idealTree:prePrune +-- code-point-at@1.1.0
141 silly idealTree:prePrune +-- collection-visit@1.0.0
141 silly idealTree:prePrune +-- color-convert@1.9.3
141 silly idealTree:prePrune +-- color-name@1.1.3
141 silly idealTree:prePrune +-- combined-stream@1.0.7
141 silly idealTree:prePrune +-- commander@2.19.0
141 silly idealTree:prePrune +-- component-emitter@1.2.1
141 silly idealTree:prePrune +-- concat-map@0.0.1
141 silly idealTree:prePrune +-- concat-stream@1.6.2
141 silly idealTree:prePrune +-- configstore@3.1.2
141 silly idealTree:prePrune +-- connect-flash@0.1.1
141 silly idealTree:prePrune +-- console-control-strings@1.1.0
141 silly idealTree:prePrune +-- content-disposition@0.5.2
141 silly idealTree:prePrune +-- content-type@1.0.4
141 silly idealTree:prePrune +-- cookie-parser@1.4.4
141 silly idealTree:prePrune +-- cookie-signature@1.0.6
141 silly idealTree:prePrune +-- cookie@0.3.1
141 silly idealTree:prePrune +-- copy-concurrently@1.0.5
141 silly idealTree:prePrune +-- copy-descriptor@0.1.1
141 silly idealTree:prePrune +-- core-util-is@1.0.2
141 silly idealTree:prePrune +-- crc@3.4.4
141 silly idealTree:prePrune +-- create-error-class@3.0.2
141 silly idealTree:prePrune +-- cross-spawn@5.1.0
141 silly idealTree:prePrune +-- crypto-random-string@1.0.0
141 silly idealTree:prePrune +-- cyclist@0.2.2
141 silly idealTree:prePrune +-- d3-array@1.2.4
141 silly idealTree:prePrune +-- d3-axis@1.0.12
141 silly idealTree:prePrune +-- d3-brush@1.0.6
141 silly idealTree:prePrune +-- d3-chord@1.0.6
141 silly idealTree:prePrune +-- d3-collection@1.0.7
141 silly idealTree:prePrune +-- d3-color@1.2.3
141 silly idealTree:prePrune +-- d3-contour@1.3.2
141 silly idealTree:prePrune +-- d3-dispatch@1.0.5
141 silly idealTree:prePrune +-- d3-drag@1.2.3
141 silly idealTree:prePrune +-- d3-dsv@1.1.1
141 silly idealTree:prePrune +-- d3-ease@1.0.5
141 silly idealTree:prePrune +-- d3-fetch@1.1.2
141 silly idealTree:prePrune +-- d3-force@1.2.1
141 silly idealTree:prePrune +-- d3-format@1.3.2
141 silly idealTree:prePrune +-- d3-geo@1.11.3
141 silly idealTree:prePrune +-- d3-hierarchy@1.1.8
141 silly idealTree:prePrune +-- d3-interpolate@1.3.2
141 silly idealTree:prePrune +-- d3-path@1.0.7
141 silly idealTree:prePrune +-- d3-polygon@1.0.5
141 silly idealTree:prePrune +-- d3-quadtree@1.0.6
141 silly idealTree:prePrune +-- d3-random@1.1.2
141 silly idealTree:prePrune +-- d3-scale-chromatic@1.3.3
141 silly idealTree:prePrune +-- d3-scale@2.2.2
141 silly idealTree:prePrune +-- d3-selection@1.4.0
141 silly idealTree:prePrune +-- d3-shape@1.3.5
141 silly idealTree:prePrune +-- d3-time-format@2.1.3
141 silly idealTree:prePrune +-- d3-time@1.0.11
141 silly idealTree:prePrune +-- d3-timer@1.0.9
141 silly idealTree:prePrune +-- d3-transition@1.2.0
141 silly idealTree:prePrune +-- d3-voronoi@1.1.4
141 silly idealTree:prePrune +-- d3-zoom@1.7.3
141 silly idealTree:prePrune +-- d3@5.9.2
141 silly idealTree:prePrune +-- dashdash@1.14.1
141 silly idealTree:prePrune +-- debug@2.6.9
141 silly idealTree:prePrune +-- decode-uri-component@0.2.0
141 silly idealTree:prePrune +-- deep-extend@0.6.0
141 silly idealTree:prePrune +-- define-property@2.0.2
141 silly idealTree:prePrune | +-- is-accessor-descriptor@1.0.0
141 silly idealTree:prePrune | +-- is-data-descriptor@1.0.0
141 silly idealTree:prePrune | `-- is-descriptor@1.0.2
141 silly idealTree:prePrune +-- delayed-stream@1.0.0
141 silly idealTree:prePrune +-- delegates@1.0.0
141 silly idealTree:prePrune +-- depd@1.1.2
141 silly idealTree:prePrune +-- destroy@1.0.4
141 silly idealTree:prePrune +-- detect-libc@1.0.3
141 silly idealTree:prePrune +-- dot-prop@4.2.0
141 silly idealTree:prePrune +-- duplexer3@0.1.4
141 silly idealTree:prePrune +-- duplexify@3.7.1
141 silly idealTree:prePrune +-- ecc-jsbn@0.1.2
141 silly idealTree:prePrune +-- ee-first@1.1.1
141 silly idealTree:prePrune +-- ejs@2.5.9
141 silly idealTree:prePrune +-- encodeurl@1.0.2
141 silly idealTree:prePrune +-- encoding@0.1.12
141 silly idealTree:prePrune +-- end-of-stream@1.4.1
141 silly idealTree:prePrune +-- err-code@1.1.2
141 silly idealTree:prePrune +-- es6-promise@4.2.6
141 silly idealTree:prePrune +-- es6-promisify@5.0.0
141 silly idealTree:prePrune +-- escape-html@1.0.3
141 silly idealTree:prePrune +-- escape-string-regexp@1.0.5
141 silly idealTree:prePrune +-- etag@1.8.1
141 silly idealTree:prePrune +-- execa@0.7.0
141 silly idealTree:prePrune +-- expand-brackets@2.1.4
141 silly idealTree:prePrune | +-- define-property@0.2.5
141 silly idealTree:prePrune | `-- extend-shallow@2.0.1
141 silly idealTree:prePrune +-- express-session@1.15.6
141 silly idealTree:prePrune +-- express-validation@1.0.2
141 silly idealTree:prePrune +-- express@4.16.4
141 silly idealTree:prePrune +-- extend-shallow@3.0.2
141 silly idealTree:prePrune | `-- is-extendable@1.0.1
141 silly idealTree:prePrune +-- extend@3.0.2
141 silly idealTree:prePrune +-- external-editor@3.0.3
141 silly idealTree:prePrune | `-- iconv-lite@0.4.24
141 silly idealTree:prePrune +-- extglob@2.0.4
141 silly idealTree:prePrune | +-- define-property@1.0.0
141 silly idealTree:prePrune | +-- extend-shallow@2.0.1
141 silly idealTree:prePrune | +-- is-accessor-descriptor@1.0.0
141 silly idealTree:prePrune | +-- is-data-descriptor@1.0.0
141 silly idealTree:prePrune | `-- is-descriptor@1.0.2
141 silly idealTree:prePrune +-- extsprintf@1.3.0
141 silly idealTree:prePrune +-- fast-deep-equal@2.0.1
141 silly idealTree:prePrune +-- fast-json-stable-stringify@2.0.0
141 silly idealTree:prePrune +-- figgy-pudding@3.5.1
141 silly idealTree:prePrune +-- figures@2.0.0
141 silly idealTree:prePrune +-- fill-range@4.0.0
141 silly idealTree:prePrune | `-- extend-shallow@2.0.1
141 silly idealTree:prePrune +-- finalhandler@1.1.1
141 silly idealTree:prePrune +-- flash@1.1.0
141 silly idealTree:prePrune +-- flush-write-stream@1.1.1
141 silly idealTree:prePrune +-- for-in@1.0.2
141 silly idealTree:prePrune +-- forever-agent@0.6.1
141 silly idealTree:prePrune +-- form-data@2.3.3
141 silly idealTree:prePrune +-- forwarded@0.1.2
141 silly idealTree:prePrune +-- fragment-cache@0.2.1
141 silly idealTree:prePrune +-- fresh@0.5.2
141 silly idealTree:prePrune +-- from2@2.3.0
141 silly idealTree:prePrune +-- fs-minipass@1.2.5
141 silly idealTree:prePrune +-- fs-write-stream-atomic@1.0.10
141 silly idealTree:prePrune +-- fs.realpath@1.0.0
141 silly idealTree:prePrune +-- fs@0.0.1-security
141 silly idealTree:prePrune +-- gauge@2.7.4
141 silly idealTree:prePrune | +-- ansi-regex@2.1.1
141 silly idealTree:prePrune | +-- is-fullwidth-code-point@1.0.0
141 silly idealTree:prePrune | +-- string-width@1.0.2
141 silly idealTree:prePrune | `-- strip-ansi@3.0.1
141 silly idealTree:prePrune +-- genfun@5.0.0
141 silly idealTree:prePrune +-- get-stream@3.0.0
141 silly idealTree:prePrune +-- get-value@2.0.6
141 silly idealTree:prePrune +-- getpass@0.1.7
141 silly idealTree:prePrune +-- glob-parent@3.1.0
141 silly idealTree:prePrune | `-- is-glob@3.1.0
141 silly idealTree:prePrune +-- glob@7.1.3
141 silly idealTree:prePrune +-- global-dirs@0.1.1
141 silly idealTree:prePrune +-- got@6.7.1
141 silly idealTree:prePrune +-- graceful-fs@4.1.15
141 silly idealTree:prePrune +-- har-schema@2.0.0
141 silly idealTree:prePrune +-- har-validator@5.1.3
141 silly idealTree:prePrune +-- has-flag@3.0.0
141 silly idealTree:prePrune +-- has-unicode@2.0.1
141 silly idealTree:prePrune +-- has-value@1.0.0
141 silly idealTree:prePrune +-- has-values@1.0.0
141 silly idealTree:prePrune | `-- kind-of@4.0.0
141 silly idealTree:prePrune +-- hoek@6.1.3
141 silly idealTree:prePrune +-- hosted-git-info@2.7.1
141 silly idealTree:prePrune +-- http-cache-semantics@3.8.1
141 silly idealTree:prePrune +-- http-errors@1.6.3
141 silly idealTree:prePrune +-- http-proxy-agent@2.1.0
141 silly idealTree:prePrune | `-- debug@3.1.0
141 silly idealTree:prePrune +-- http-signature@1.2.0
141 silly idealTree:prePrune +-- https-proxy-agent@2.2.1
141 silly idealTree:prePrune | +-- debug@3.2.6
141 silly idealTree:prePrune | `-- ms@2.1.1
141 silly idealTree:prePrune +-- humanize-ms@1.2.1
141 silly idealTree:prePrune +-- iconv-lite@0.4.23
141 silly idealTree:prePrune +-- iferr@0.1.5
141 silly idealTree:prePrune +-- ignore-by-default@1.0.1
141 silly idealTree:prePrune +-- ignore-walk@3.0.1
141 silly idealTree:prePrune +-- import-lazy@2.1.0
141 silly idealTree:prePrune +-- imurmurhash@0.1.4
141 silly idealTree:prePrune +-- inflight@1.0.6
141 silly idealTree:prePrune +-- inherits@2.0.3
141 silly idealTree:prePrune +-- ini@1.3.5
141 silly idealTree:prePrune +-- inquirer@6.2.1
141 silly idealTree:prePrune | +-- ansi-regex@4.1.0
141 silly idealTree:prePrune | `-- strip-ansi@5.2.0
141 silly idealTree:prePrune +-- ip@1.1.5
141 silly idealTree:prePrune +-- ipaddr.js@1.8.0
141 silly idealTree:prePrune +-- is-accessor-descriptor@0.1.6
141 silly idealTree:prePrune | `-- kind-of@3.2.2
141 silly idealTree:prePrune +-- is-binary-path@1.0.1
141 silly idealTree:prePrune +-- is-buffer@1.1.6
141 silly idealTree:prePrune +-- is-ci@1.2.1
141 silly idealTree:prePrune +-- is-data-descriptor@0.1.4
141 silly idealTree:prePrune | `-- kind-of@3.2.2
141 silly idealTree:prePrune +-- is-descriptor@0.1.6
141 silly idealTree:prePrune | `-- kind-of@5.1.0
141 silly idealTree:prePrune +-- is-extendable@0.1.1
141 silly idealTree:prePrune +-- is-extglob@2.1.1
141 silly idealTree:prePrune +-- is-fullwidth-code-point@2.0.0
141 silly idealTree:prePrune +-- is-glob@4.0.1
141 silly idealTree:prePrune +-- is-installed-globally@0.1.0
141 silly idealTree:prePrune +-- is-npm@1.0.0
141 silly idealTree:prePrune +-- is-number@3.0.0
141 silly idealTree:prePrune | `-- kind-of@3.2.2
141 silly idealTree:prePrune +-- is-obj@1.0.1
141 silly idealTree:prePrune +-- is-path-inside@1.0.1
141 silly idealTree:prePrune +-- is-plain-object@2.0.4
141 silly idealTree:prePrune +-- is-promise@2.1.0
141 silly idealTree:prePrune +-- is-redirect@1.0.0
141 silly idealTree:prePrune +-- is-retry-allowed@1.1.0
141 silly idealTree:prePrune +-- is-stream@1.1.0
141 silly idealTree:prePrune +-- is-typedarray@1.0.0
141 silly idealTree:prePrune +-- is-windows@1.0.2
141 silly idealTree:prePrune +-- is-wsl@1.1.0
141 silly idealTree:prePrune +-- isarray@1.0.0
141 silly idealTree:prePrune +-- isemail@3.2.0
141 silly idealTree:prePrune +-- isexe@2.0.0
141 silly idealTree:prePrune +-- isobject@3.0.1
141 silly idealTree:prePrune +-- isstream@0.1.2
141 silly idealTree:prePrune +-- joi@14.3.1
141 silly idealTree:prePrune +-- jsbn@0.1.1
141 silly idealTree:prePrune +-- json-parse-better-errors@1.0.2
141 silly idealTree:prePrune +-- json-schema-traverse@0.4.1
141 silly idealTree:prePrune +-- json-schema@0.2.3
141 silly idealTree:prePrune +-- json-stringify-safe@5.0.1
141 silly idealTree:prePrune +-- jsonparse@1.3.1
141 silly idealTree:prePrune +-- JSONStream@1.3.5
141 silly idealTree:prePrune +-- jsprim@1.4.1
141 silly idealTree:prePrune +-- kareem@2.3.0
141 silly idealTree:prePrune +-- kind-of@6.0.2
141 silly idealTree:prePrune +-- latest-version@3.1.0
141 silly idealTree:prePrune +-- lodash.debounce@4.0.8
141 silly idealTree:prePrune +-- lodash@4.17.11
141 silly idealTree:prePrune +-- lowercase-keys@1.0.1
141 silly idealTree:prePrune +-- lru-cache@4.1.5
141 silly idealTree:prePrune +-- make-dir@1.3.0
141 silly idealTree:prePrune +-- make-fetch-happen@4.0.1
141 silly idealTree:prePrune +-- map-cache@0.2.2
141 silly idealTree:prePrune +-- map-visit@1.0.0
141 silly idealTree:prePrune +-- media-typer@0.3.0
141 silly idealTree:prePrune +-- memory-pager@1.5.0
141 silly idealTree:prePrune +-- merge-descriptors@1.0.1
141 silly idealTree:prePrune +-- methods@1.1.2
141 silly idealTree:prePrune +-- micromatch@3.1.10
141 silly idealTree:prePrune +-- mime-db@1.38.0
141 silly idealTree:prePrune +-- mime-types@2.1.22
141 silly idealTree:prePrune +-- mime@1.4.1
141 silly idealTree:prePrune +-- mimic-fn@1.2.0
141 silly idealTree:prePrune +-- minimatch@3.0.4
141 silly idealTree:prePrune +-- minimist@1.2.0
141 silly idealTree:prePrune +-- minipass@2.3.5
141 silly idealTree:prePrune | `-- yallist@3.0.3
141 silly idealTree:prePrune +-- minizlib@1.2.1
141 silly idealTree:prePrune +-- mississippi@3.0.0
141 silly idealTree:prePrune +-- mixin-deep@1.3.1
141 silly idealTree:prePrune | `-- is-extendable@1.0.1
141 silly idealTree:prePrune +-- mkdirp@0.5.1
141 silly idealTree:prePrune | `-- minimist@0.0.8
141 silly idealTree:prePrune +-- mongodb-core@3.1.11
141 silly idealTree:prePrune +-- mongodb@3.1.13
141 silly idealTree:prePrune +-- mongoose-legacy-pluralize@1.0.2
141 silly idealTree:prePrune +-- mongoose@5.4.20
141 silly idealTree:prePrune | `-- ms@2.1.1
141 silly idealTree:prePrune +-- morgan@1.9.1
141 silly idealTree:prePrune +-- move-concurrently@1.0.1
141 silly idealTree:prePrune +-- mpath@0.5.1
141 silly idealTree:prePrune +-- mquery@3.2.0
141 silly idealTree:prePrune | `-- debug@3.1.0
141 silly idealTree:prePrune +-- ms@2.0.0
141 silly idealTree:prePrune +-- mute-stream@0.0.7
141 silly idealTree:prePrune +-- nan@2.13.1
141 silly idealTree:prePrune +-- nanomatch@1.2.13
141 silly idealTree:prePrune +-- needle@2.2.4
141 silly idealTree:prePrune +-- negotiator@0.6.1
141 silly idealTree:prePrune +-- node-fetch-npm@2.0.2
141 silly idealTree:prePrune +-- node-pre-gyp@0.12.0
141 silly idealTree:prePrune | `-- nopt@4.0.1
141 silly idealTree:prePrune +-- nodemon@1.18.10
141 silly idealTree:prePrune | +-- debug@3.2.6
141 silly idealTree:prePrune | `-- ms@2.1.1
141 silly idealTree:prePrune +-- nopt@1.0.10
141 silly idealTree:prePrune +-- normalize-package-data@2.5.0
141 silly idealTree:prePrune +-- normalize-path@3.0.0
141 silly idealTree:prePrune +-- npm-bundled@1.0.6
141 silly idealTree:prePrune +-- npm-package-arg@6.1.0
141 silly idealTree:prePrune +-- npm-packlist@1.4.1
141 silly idealTree:prePrune +-- npm-pick-manifest@2.2.3
141 silly idealTree:prePrune +-- npm-registry-fetch@3.9.0
141 silly idealTree:prePrune +-- npm-run-path@2.0.2
141 silly idealTree:prePrune +-- npmlog@4.1.2
141 silly idealTree:prePrune +-- number-is-nan@1.0.1
141 silly idealTree:prePrune +-- oauth-sign@0.9.0
141 silly idealTree:prePrune +-- object-assign@4.1.1
141 silly idealTree:prePrune +-- object-copy@0.1.0
141 silly idealTree:prePrune | +-- define-property@0.2.5
141 silly idealTree:prePrune | `-- kind-of@3.2.2
141 silly idealTree:prePrune +-- object-visit@1.0.1
141 silly idealTree:prePrune +-- object.pick@1.3.0
141 silly idealTree:prePrune +-- on-finished@2.3.0
141 silly idealTree:prePrune +-- on-headers@1.0.2
141 silly idealTree:prePrune +-- once@1.4.0
141 silly idealTree:prePrune +-- onetime@2.0.1
141 silly idealTree:prePrune +-- opn@5.4.0
141 silly idealTree:prePrune +-- os-homedir@1.0.2
141 silly idealTree:prePrune +-- os-tmpdir@1.0.2
141 silly idealTree:prePrune +-- osenv@0.1.5
141 silly idealTree:prePrune +-- p-finally@1.0.0
141 silly idealTree:prePrune +-- package-json@4.0.1
141 silly idealTree:prePrune +-- pacote@9.4.0
141 silly idealTree:prePrune | +-- bluebird@3.5.3
141 silly idealTree:prePrune | +-- get-stream@4.1.0
141 silly idealTree:prePrune | +-- lru-cache@5.1.1
141 silly idealTree:prePrune | `-- yallist@3.0.3
141 silly idealTree:prePrune +-- parallel-transform@1.1.0
141 silly idealTree:prePrune +-- parseurl@1.3.2
141 silly idealTree:prePrune +-- pascalcase@0.1.1
141 silly idealTree:prePrune +-- passport-local@1.0.0
141 silly idealTree:prePrune +-- passport-strategy@1.0.0
141 silly idealTree:prePrune +-- passport@0.4.0
141 silly idealTree:prePrune +-- path-dirname@1.0.2
141 silly idealTree:prePrune +-- path-is-absolute@1.0.1
141 silly idealTree:prePrune +-- path-is-inside@1.0.2
141 silly idealTree:prePrune +-- path-key@2.0.1
141 silly idealTree:prePrune +-- path-parse@1.0.6
141 silly idealTree:prePrune +-- path-to-regexp@0.1.7
141 silly idealTree:prePrune +-- pause@0.0.1
141 silly idealTree:prePrune +-- performance-now@2.1.0
141 silly idealTree:prePrune +-- pify@3.0.0
141 silly idealTree:prePrune +-- posix-character-classes@0.1.1
141 silly idealTree:prePrune +-- prepend-http@1.0.4
141 silly idealTree:prePrune +-- process-nextick-args@2.0.0
141 silly idealTree:prePrune +-- promise-inflight@1.0.1
141 silly idealTree:prePrune +-- promise-retry@1.1.1
141 silly idealTree:prePrune +-- protoduck@5.0.1
141 silly idealTree:prePrune +-- proxy-addr@2.0.4
141 silly idealTree:prePrune +-- pseudomap@1.0.2
141 silly idealTree:prePrune +-- psl@1.1.31
141 silly idealTree:prePrune +-- pstree.remy@1.1.6
141 silly idealTree:prePrune +-- pump@3.0.0
141 silly idealTree:prePrune +-- pumpify@1.5.1
141 silly idealTree:prePrune | `-- pump@2.0.1
141 silly idealTree:prePrune +-- punycode@2.1.1
141 silly idealTree:prePrune +-- qs@6.5.2
141 silly idealTree:prePrune +-- random-bytes@1.0.0
141 silly idealTree:prePrune +-- range-parser@1.2.0
141 silly idealTree:prePrune +-- raw-body@2.3.3
141 silly idealTree:prePrune +-- rc@1.2.8
141 silly idealTree:prePrune +-- readable-stream@2.3.6
141 silly idealTree:prePrune +-- readdirp@2.2.1
141 silly idealTree:prePrune +-- regex-not@1.0.2
141 silly idealTree:prePrune +-- regexp-clone@0.0.1
141 silly idealTree:prePrune +-- registry-auth-token@3.4.0
141 silly idealTree:prePrune +-- registry-url@3.1.0
141 silly idealTree:prePrune +-- remove-trailing-separator@1.1.0
141 silly idealTree:prePrune +-- repeat-element@1.1.3
141 silly idealTree:prePrune +-- repeat-string@1.6.1
141 silly idealTree:prePrune +-- request@2.88.0
141 silly idealTree:prePrune +-- require_optional@1.0.1
141 silly idealTree:prePrune +-- resolve-from@2.0.0
141 silly idealTree:prePrune +-- resolve-url@0.2.1
141 silly idealTree:prePrune +-- resolve@1.10.0
141 silly idealTree:prePrune +-- restore-cursor@2.0.0
141 silly idealTree:prePrune +-- ret@0.1.15
141 silly idealTree:prePrune +-- retry@0.10.1
141 silly idealTree:prePrune +-- rimraf@2.6.3
141 silly idealTree:prePrune +-- run-async@2.3.0
141 silly idealTree:prePrune +-- run-queue@1.0.3
141 silly idealTree:prePrune +-- rw@1.3.3
141 silly idealTree:prePrune +-- rxjs@6.3.3
141 silly idealTree:prePrune +-- safe-buffer@5.1.2
141 silly idealTree:prePrune +-- safe-regex@1.1.0
141 silly idealTree:prePrune +-- safer-buffer@2.1.2
141 silly idealTree:prePrune +-- saslprep@1.0.2
141 silly idealTree:prePrune +-- sax@1.2.4
141 silly idealTree:prePrune +-- semver-diff@2.1.0
141 silly idealTree:prePrune +-- semver-intersect@1.4.0
141 silly idealTree:prePrune +-- semver@5.7.0
141 silly idealTree:prePrune +-- send@0.16.2
141 silly idealTree:prePrune +-- serve-static@1.13.2
141 silly idealTree:prePrune +-- set-blocking@2.0.0
141 silly idealTree:prePrune +-- set-value@2.0.0
141 silly idealTree:prePrune | `-- extend-shallow@2.0.1
141 silly idealTree:prePrune +-- setprototypeof@1.1.0
141 silly idealTree:prePrune +-- shebang-command@1.2.0
141 silly idealTree:prePrune +-- shebang-regex@1.0.0
141 silly idealTree:prePrune +-- signal-exit@3.0.2
141 silly idealTree:prePrune +-- sliced@1.0.1
141 silly idealTree:prePrune +-- smart-buffer@4.0.2
141 silly idealTree:prePrune +-- snapdragon-node@2.1.1
141 silly idealTree:prePrune | +-- define-property@1.0.0
141 silly idealTree:prePrune | +-- is-accessor-descriptor@1.0.0
141 silly idealTree:prePrune | +-- is-data-descriptor@1.0.0
141 silly idealTree:prePrune | `-- is-descriptor@1.0.2
141 silly idealTree:prePrune +-- snapdragon-util@3.0.1
141 silly idealTree:prePrune | `-- kind-of@3.2.2
141 silly idealTree:prePrune +-- snapdragon@0.8.2
141 silly idealTree:prePrune | +-- define-property@0.2.5
141 silly idealTree:prePrune | `-- extend-shallow@2.0.1
141 silly idealTree:prePrune +-- socks-proxy-agent@4.0.2
141 silly idealTree:prePrune +-- socks@2.3.2
141 silly idealTree:prePrune +-- source-map-resolve@0.5.2
141 silly idealTree:prePrune +-- source-map-url@0.4.0
141 silly idealTree:prePrune +-- source-map@0.5.7
141 silly idealTree:prePrune +-- sparse-bitfield@3.0.3
141 silly idealTree:prePrune +-- spdx-correct@3.1.0
141 silly idealTree:prePrune +-- spdx-exceptions@2.2.0
141 silly idealTree:prePrune +-- spdx-expression-parse@3.0.0
141 silly idealTree:prePrune +-- spdx-license-ids@3.0.3
141 silly idealTree:prePrune +-- split-string@3.1.0
141 silly idealTree:prePrune +-- sshpk@1.16.1
141 silly idealTree:prePrune +-- ssri@6.0.1
141 silly idealTree:prePrune +-- static-extend@0.1.2
141 silly idealTree:prePrune | `-- define-property@0.2.5
141 silly idealTree:prePrune +-- statuses@1.4.0
141 silly idealTree:prePrune +-- stream-each@1.2.3
141 silly idealTree:prePrune +-- stream-shift@1.0.0
141 silly idealTree:prePrune +-- string_decoder@1.1.1
141 silly idealTree:prePrune +-- string-width@2.1.1
141 silly idealTree:prePrune +-- strip-ansi@4.0.0
141 silly idealTree:prePrune +-- strip-eof@1.0.0
141 silly idealTree:prePrune +-- strip-json-comments@2.0.1
141 silly idealTree:prePrune +-- supports-color@5.5.0
141 silly idealTree:prePrune +-- symbol-observable@1.2.0
141 silly idealTree:prePrune +-- tar@4.4.8
141 silly idealTree:prePrune | `-- yallist@3.0.3
141 silly idealTree:prePrune +-- term-size@1.2.0
141 silly idealTree:prePrune +-- through@2.3.8
141 silly idealTree:prePrune +-- through2@2.0.5
141 silly idealTree:prePrune +-- timed-out@4.0.1
141 silly idealTree:prePrune +-- tmp@0.0.33
141 silly idealTree:prePrune +-- to-object-path@0.3.0
141 silly idealTree:prePrune | `-- kind-of@3.2.2
141 silly idealTree:prePrune +-- to-regex-range@2.1.1
141 silly idealTree:prePrune +-- to-regex@3.0.2
141 silly idealTree:prePrune +-- topo@3.0.3
141 silly idealTree:prePrune +-- touch@3.1.0
141 silly idealTree:prePrune +-- tough-cookie@2.4.3
141 silly idealTree:prePrune | `-- punycode@1.4.1
141 silly idealTree:prePrune +-- tslib@1.9.3
141 silly idealTree:prePrune +-- tunnel-agent@0.6.0
141 silly idealTree:prePrune +-- tweetnacl@0.14.5
141 silly idealTree:prePrune +-- type-is@1.6.16
141 silly idealTree:prePrune +-- typedarray@0.0.6
141 silly idealTree:prePrune +-- typescript@3.2.4
141 silly idealTree:prePrune +-- uid-safe@2.1.5
141 silly idealTree:prePrune +-- undefsafe@2.0.2
141 silly idealTree:prePrune +-- union-value@1.0.0
141 silly idealTree:prePrune | +-- extend-shallow@2.0.1
141 silly idealTree:prePrune | `-- set-value@0.4.3
141 silly idealTree:prePrune +-- unique-filename@1.1.1
141 silly idealTree:prePrune +-- unique-slug@2.0.1
141 silly idealTree:prePrune +-- unique-string@1.0.0
141 silly idealTree:prePrune +-- unpipe@1.0.0
141 silly idealTree:prePrune +-- unset-value@1.0.0
141 silly idealTree:prePrune | +-- has-value@0.3.1
141 silly idealTree:prePrune | | `-- isobject@2.1.0
141 silly idealTree:prePrune | `-- has-values@0.1.4
141 silly idealTree:prePrune +-- unzip-response@2.0.1
141 silly idealTree:prePrune +-- upath@1.1.2
141 silly idealTree:prePrune +-- update-notifier@2.5.0
141 silly idealTree:prePrune +-- uri-js@4.2.2
141 silly idealTree:prePrune +-- urix@0.1.0
141 silly idealTree:prePrune +-- url-parse-lax@1.0.0
141 silly idealTree:prePrune +-- use@3.1.1
141 silly idealTree:prePrune +-- util-deprecate@1.0.2
141 silly idealTree:prePrune +-- utils-merge@1.0.1
141 silly idealTree:prePrune +-- uuid@3.3.2
141 silly idealTree:prePrune +-- validate-npm-package-license@3.0.4
141 silly idealTree:prePrune +-- validate-npm-package-name@3.0.0
141 silly idealTree:prePrune +-- vary@1.1.2
141 silly idealTree:prePrune +-- verror@1.10.0
141 silly idealTree:prePrune +-- which@1.3.1
141 silly idealTree:prePrune +-- wide-align@1.1.3
141 silly idealTree:prePrune +-- widest-line@2.0.1
141 silly idealTree:prePrune +-- wrappy@1.0.2
141 silly idealTree:prePrune +-- write-file-atomic@2.4.2
141 silly idealTree:prePrune +-- xdg-basedir@3.0.0
141 silly idealTree:prePrune +-- xtend@4.0.1
141 silly idealTree:prePrune +-- y18n@4.0.0
141 silly idealTree:prePrune `-- yallist@2.1.2
142 silly loadIdealTree Finishing
143 silly currentTree mean@0.0.0
143 silly currentTree +-- @angular-devkit/architect@0.13.7
143 silly currentTree +-- @angular-devkit/core@7.3.7
143 silly currentTree | +-- chokidar@2.0.4
143 silly currentTree | +-- normalize-path@2.1.1
143 silly currentTree | `-- source-map@0.7.3
143 silly currentTree +-- @angular-devkit/schematics@7.3.7
143 silly currentTree +-- @angular/cli@7.3.7
143 silly currentTree | `-- semver@5.6.0
143 silly currentTree +-- @schematics/angular@7.3.7
143 silly currentTree +-- @schematics/update@0.13.7
143 silly currentTree | `-- semver@5.6.0
143 silly currentTree +-- @yarnpkg/lockfile@1.1.0
143 silly currentTree +-- abbrev@1.1.1
143 silly currentTree +-- accepts@1.3.5
143 silly currentTree +-- agent-base@4.2.1
143 silly currentTree +-- agentkeepalive@3.5.2
143 silly currentTree +-- ajv@6.9.1
143 silly currentTree +-- ansi-align@2.0.0
143 silly currentTree +-- ansi-escapes@3.2.0
143 silly currentTree +-- ansi-regex@3.0.0
143 silly currentTree +-- ansi-styles@3.2.1
143 silly currentTree +-- anymatch@2.0.0
143 silly currentTree | `-- normalize-path@2.1.1
143 silly currentTree +-- aproba@1.2.0
143 silly currentTree +-- are-we-there-yet@1.1.5
143 silly currentTree +-- arr-diff@4.0.0
143 silly currentTree +-- arr-flatten@1.1.0
143 silly currentTree +-- arr-union@3.1.0
143 silly currentTree +-- array-flatten@1.1.1
143 silly currentTree +-- array-unique@0.3.2
143 silly currentTree +-- asn1@0.2.4
143 silly currentTree +-- assert-plus@1.0.0
143 silly currentTree +-- assign-symbols@1.0.0
143 silly currentTree +-- async-each@1.0.2
143 silly currentTree +-- async@2.6.1
143 silly currentTree +-- asynckit@0.4.0
143 silly currentTree +-- atob@2.1.2
143 silly currentTree +-- aws-sign2@0.7.0
143 silly currentTree +-- aws4@1.8.0
143 silly currentTree +-- balanced-match@1.0.0
143 silly currentTree +-- base@0.11.2
143 silly currentTree | +-- define-property@1.0.0
143 silly currentTree | +-- is-accessor-descriptor@1.0.0
143 silly currentTree | +-- is-data-descriptor@1.0.0
143 silly currentTree | `-- is-descriptor@1.0.2
143 silly currentTree +-- basic-auth@2.0.1
143 silly currentTree +-- bcrypt-pbkdf@1.0.2
143 silly currentTree +-- bcrypt@3.0.5
143 silly currentTree +-- binary-extensions@1.13.1
143 silly currentTree +-- bluebird@3.5.1
143 silly currentTree +-- body-parser@1.18.3
143 silly currentTree +-- boxen@1.3.0
143 silly currentTree +-- brace-expansion@1.1.11
143 silly currentTree +-- braces@2.3.2
143 silly currentTree | `-- extend-shallow@2.0.1
143 silly currentTree +-- bson@1.1.1
143 silly currentTree +-- buffer-from@1.1.1
143 silly currentTree +-- builtins@1.0.3
143 silly currentTree +-- bytes@3.0.0
143 silly currentTree +-- c3@0.6.14
143 silly currentTree +-- cacache@11.3.2
143 silly currentTree | +-- bluebird@3.5.3
143 silly currentTree | +-- lru-cache@5.1.1
143 silly currentTree | `-- yallist@3.0.3
143 silly currentTree +-- cache-base@1.0.1
143 silly currentTree +-- camelcase@4.1.0
143 silly currentTree +-- capture-stack-trace@1.0.1
143 silly currentTree +-- caseless@0.12.0
143 silly currentTree +-- chalk@2.4.2
143 silly currentTree +-- chardet@0.7.0
143 silly currentTree +-- chokidar@2.1.5
143 silly currentTree +-- chownr@1.1.1
143 silly currentTree +-- ci-info@1.6.0
143 silly currentTree +-- class-utils@0.3.6
143 silly currentTree | `-- define-property@0.2.5
143 silly currentTree +-- cli-boxes@1.0.0
143 silly currentTree +-- cli-cursor@2.1.0
143 silly currentTree +-- cli-width@2.2.0
143 silly currentTree +-- code-point-at@1.1.0
143 silly currentTree +-- collection-visit@1.0.0
143 silly currentTree +-- color-convert@1.9.3
143 silly currentTree +-- color-name@1.1.3
143 silly currentTree +-- combined-stream@1.0.7
143 silly currentTree +-- commander@2.19.0
143 silly currentTree +-- component-emitter@1.2.1
143 silly currentTree +-- concat-map@0.0.1
143 silly currentTree +-- concat-stream@1.6.2
143 silly currentTree +-- configstore@3.1.2
143 silly currentTree +-- connect-flash@0.1.1
143 silly currentTree +-- console-control-strings@1.1.0
143 silly currentTree +-- content-disposition@0.5.2
143 silly currentTree +-- content-type@1.0.4
143 silly currentTree +-- cookie-parser@1.4.4
143 silly currentTree +-- cookie-signature@1.0.6
143 silly currentTree +-- cookie@0.3.1
143 silly currentTree +-- copy-concurrently@1.0.5
143 silly currentTree +-- copy-descriptor@0.1.1
143 silly currentTree +-- core-util-is@1.0.2
143 silly currentTree +-- crc@3.4.4
143 silly currentTree +-- create-error-class@3.0.2
143 silly currentTree +-- cross-spawn@5.1.0
143 silly currentTree +-- crypto-random-string@1.0.0
143 silly currentTree +-- cyclist@0.2.2
143 silly currentTree +-- d3-array@1.2.4
143 silly currentTree +-- d3-axis@1.0.12
143 silly currentTree +-- d3-brush@1.0.6
143 silly currentTree +-- d3-chord@1.0.6
143 silly currentTree +-- d3-collection@1.0.7
143 silly currentTree +-- d3-color@1.2.3
143 silly currentTree +-- d3-contour@1.3.2
143 silly currentTree +-- d3-dispatch@1.0.5
143 silly currentTree +-- d3-drag@1.2.3
143 silly currentTree +-- d3-dsv@1.1.1
143 silly currentTree +-- d3-ease@1.0.5
143 silly currentTree +-- d3-fetch@1.1.2
143 silly currentTree +-- d3-force@1.2.1
143 silly currentTree +-- d3-format@1.3.2
143 silly currentTree +-- d3-geo@1.11.3
143 silly currentTree +-- d3-hierarchy@1.1.8
143 silly currentTree +-- d3-interpolate@1.3.2
143 silly currentTree +-- d3-path@1.0.7
143 silly currentTree +-- d3-polygon@1.0.5
143 silly currentTree +-- d3-quadtree@1.0.6
143 silly currentTree +-- d3-random@1.1.2
143 silly currentTree +-- d3-scale-chromatic@1.3.3
143 silly currentTree +-- d3-scale@2.2.2
143 silly currentTree +-- d3-selection@1.4.0
143 silly currentTree +-- d3-shape@1.3.5
143 silly currentTree +-- d3-time-format@2.1.3
143 silly currentTree +-- d3-time@1.0.11
143 silly currentTree +-- d3-timer@1.0.9
143 silly currentTree +-- d3-transition@1.2.0
143 silly currentTree +-- d3-voronoi@1.1.4
143 silly currentTree +-- d3-zoom@1.7.3
143 silly currentTree +-- d3@5.9.2
143 silly currentTree +-- dashdash@1.14.1
143 silly currentTree +-- debug@2.6.9
143 silly currentTree +-- decode-uri-component@0.2.0
143 silly currentTree +-- deep-extend@0.6.0
143 silly currentTree +-- define-property@2.0.2
143 silly currentTree | +-- is-accessor-descriptor@1.0.0
143 silly currentTree | +-- is-data-descriptor@1.0.0
143 silly currentTree | `-- is-descriptor@1.0.2
143 silly currentTree +-- delayed-stream@1.0.0
143 silly currentTree +-- delegates@1.0.0
143 silly currentTree +-- depd@1.1.2
143 silly currentTree +-- destroy@1.0.4
143 silly currentTree +-- detect-libc@1.0.3
143 silly currentTree +-- dot-prop@4.2.0
143 silly currentTree +-- duplexer3@0.1.4
143 silly currentTree +-- duplexify@3.7.1
143 silly currentTree +-- ecc-jsbn@0.1.2
143 silly currentTree +-- ee-first@1.1.1
143 silly currentTree +-- ejs@2.5.9
143 silly currentTree +-- encodeurl@1.0.2
143 silly currentTree +-- encoding@0.1.12
143 silly currentTree +-- end-of-stream@1.4.1
143 silly currentTree +-- err-code@1.1.2
143 silly currentTree +-- es6-promise@4.2.6
143 silly currentTree +-- es6-promisify@5.0.0
143 silly currentTree +-- escape-html@1.0.3
143 silly currentTree +-- escape-string-regexp@1.0.5
143 silly currentTree +-- etag@1.8.1
143 silly currentTree +-- execa@0.7.0
143 silly currentTree +-- expand-brackets@2.1.4
143 silly currentTree | +-- define-property@0.2.5
143 silly currentTree | `-- extend-shallow@2.0.1
143 silly currentTree +-- express-session@1.15.6
143 silly currentTree +-- express-validation@1.0.2
143 silly currentTree +-- express@4.16.4
143 silly currentTree +-- extend-shallow@3.0.2
143 silly currentTree | `-- is-extendable@1.0.1
143 silly currentTree +-- extend@3.0.2
143 silly currentTree +-- external-editor@3.0.3
143 silly currentTree | `-- iconv-lite@0.4.24
143 silly currentTree +-- extglob@2.0.4
143 silly currentTree | +-- define-property@1.0.0
143 silly currentTree | +-- extend-shallow@2.0.1
143 silly currentTree | +-- is-accessor-descriptor@1.0.0
143 silly currentTree | +-- is-data-descriptor@1.0.0
143 silly currentTree | `-- is-descriptor@1.0.2
143 silly currentTree +-- extsprintf@1.3.0
143 silly currentTree +-- fast-deep-equal@2.0.1
143 silly currentTree +-- fast-json-stable-stringify@2.0.0
143 silly currentTree +-- figgy-pudding@3.5.1
143 silly currentTree +-- figures@2.0.0
143 silly currentTree +-- fill-range@4.0.0
143 silly currentTree | `-- extend-shallow@2.0.1
143 silly currentTree +-- finalhandler@1.1.1
143 silly currentTree +-- flash@1.1.0
143 silly currentTree +-- flush-write-stream@1.1.1
143 silly currentTree +-- for-in@1.0.2
143 silly currentTree +-- forever-agent@0.6.1
143 silly currentTree +-- form-data@2.3.3
143 silly currentTree +-- forwarded@0.1.2
143 silly currentTree +-- fragment-cache@0.2.1
143 silly currentTree +-- fresh@0.5.2
143 silly currentTree +-- from2@2.3.0
143 silly currentTree +-- fs-minipass@1.2.5
143 silly currentTree +-- fs-write-stream-atomic@1.0.10
143 silly currentTree +-- fs.realpath@1.0.0
143 silly currentTree +-- fs@0.0.1-security
143 silly currentTree +-- gauge@2.7.4
143 silly currentTree | +-- ansi-regex@2.1.1
143 silly currentTree | +-- is-fullwidth-code-point@1.0.0
143 silly currentTree | +-- string-width@1.0.2
143 silly currentTree | `-- strip-ansi@3.0.1
143 silly currentTree +-- genfun@5.0.0
143 silly currentTree +-- get-stream@3.0.0
143 silly currentTree +-- get-value@2.0.6
143 silly currentTree +-- getpass@0.1.7
143 silly currentTree +-- glob-parent@3.1.0
143 silly currentTree | `-- is-glob@3.1.0
143 silly currentTree +-- glob@7.1.3
143 silly currentTree +-- global-dirs@0.1.1
143 silly currentTree +-- got@6.7.1
143 silly currentTree +-- graceful-fs@4.1.15
143 silly currentTree +-- har-schema@2.0.0
143 silly currentTree +-- har-validator@5.1.3
143 silly currentTree +-- has-flag@3.0.0
143 silly currentTree +-- has-unicode@2.0.1
143 silly currentTree +-- has-value@1.0.0
143 silly currentTree +-- has-values@1.0.0
143 silly currentTree | `-- kind-of@4.0.0
143 silly currentTree +-- hoek@6.1.3
143 silly currentTree +-- hosted-git-info@2.7.1
143 silly currentTree +-- http-cache-semantics@3.8.1
143 silly currentTree +-- http-errors@1.6.3
143 silly currentTree +-- http-proxy-agent@2.1.0
143 silly currentTree | `-- debug@3.1.0
143 silly currentTree +-- http-signature@1.2.0
143 silly currentTree +-- https-proxy-agent@2.2.1
143 silly currentTree | +-- debug@3.2.6
143 silly currentTree | `-- ms@2.1.1
143 silly currentTree +-- humanize-ms@1.2.1
143 silly currentTree +-- iconv-lite@0.4.23
143 silly currentTree +-- iferr@0.1.5
143 silly currentTree +-- ignore-by-default@1.0.1
143 silly currentTree +-- ignore-walk@3.0.1
143 silly currentTree +-- import-lazy@2.1.0
143 silly currentTree +-- imurmurhash@0.1.4
143 silly currentTree +-- inflight@1.0.6
143 silly currentTree +-- inherits@2.0.3
143 silly currentTree +-- ini@1.3.5
143 silly currentTree +-- inquirer@6.2.1
143 silly currentTree | +-- ansi-regex@4.1.0
143 silly currentTree | `-- strip-ansi@5.2.0
143 silly currentTree +-- ip@1.1.5
143 silly currentTree +-- ipaddr.js@1.8.0
143 silly currentTree +-- is-accessor-descriptor@0.1.6
143 silly currentTree | `-- kind-of@3.2.2
143 silly currentTree +-- is-binary-path@1.0.1
143 silly currentTree +-- is-buffer@1.1.6
143 silly currentTree +-- is-ci@1.2.1
143 silly currentTree +-- is-data-descriptor@0.1.4
143 silly currentTree | `-- kind-of@3.2.2
143 silly currentTree +-- is-descriptor@0.1.6
143 silly currentTree | `-- kind-of@5.1.0
143 silly currentTree +-- is-extendable@0.1.1
143 silly currentTree +-- is-extglob@2.1.1
143 silly currentTree +-- is-fullwidth-code-point@2.0.0
143 silly currentTree +-- is-glob@4.0.1
143 silly currentTree +-- is-installed-globally@0.1.0
143 silly currentTree +-- is-npm@1.0.0
143 silly currentTree +-- is-number@3.0.0
143 silly currentTree | `-- kind-of@3.2.2
143 silly currentTree +-- is-obj@1.0.1
143 silly currentTree +-- is-path-inside@1.0.1
143 silly currentTree +-- is-plain-object@2.0.4
143 silly currentTree +-- is-promise@2.1.0
143 silly currentTree +-- is-redirect@1.0.0
143 silly currentTree +-- is-retry-allowed@1.1.0
143 silly currentTree +-- is-stream@1.1.0
143 silly currentTree +-- is-typedarray@1.0.0
143 silly currentTree +-- is-windows@1.0.2
143 silly currentTree +-- is-wsl@1.1.0
143 silly currentTree +-- isarray@1.0.0
143 silly currentTree +-- isemail@3.2.0
143 silly currentTree +-- isexe@2.0.0
143 silly currentTree +-- isobject@3.0.1
143 silly currentTree +-- isstream@0.1.2
143 silly currentTree +-- joi@14.3.1
143 silly currentTree +-- jsbn@0.1.1
143 silly currentTree +-- json-parse-better-errors@1.0.2
143 silly currentTree +-- json-schema-traverse@0.4.1
143 silly currentTree +-- json-schema@0.2.3
143 silly currentTree +-- json-stringify-safe@5.0.1
143 silly currentTree +-- jsonparse@1.3.1
143 silly currentTree +-- JSONStream@1.3.5
143 silly currentTree +-- jsprim@1.4.1
143 silly currentTree +-- kareem@2.3.0
143 silly currentTree +-- kind-of@6.0.2
143 silly currentTree +-- latest-version@3.1.0
143 silly currentTree +-- lodash.debounce@4.0.8
143 silly currentTree +-- lodash@4.17.11
143 silly currentTree +-- lowercase-keys@1.0.1
143 silly currentTree +-- lru-cache@4.1.5
143 silly currentTree +-- make-dir@1.3.0
143 silly currentTree +-- make-fetch-happen@4.0.1
143 silly currentTree +-- map-cache@0.2.2
143 silly currentTree +-- map-visit@1.0.0
143 silly currentTree +-- media-typer@0.3.0
143 silly currentTree +-- memory-pager@1.5.0
143 silly currentTree +-- merge-descriptors@1.0.1
143 silly currentTree +-- methods@1.1.2
143 silly currentTree +-- micromatch@3.1.10
143 silly currentTree +-- mime-db@1.38.0
143 silly currentTree +-- mime-types@2.1.22
143 silly currentTree +-- mime@1.4.1
143 silly currentTree +-- mimic-fn@1.2.0
143 silly currentTree +-- minimatch@3.0.4
143 silly currentTree +-- minimist@1.2.0
143 silly currentTree +-- minipass@2.3.5
143 silly currentTree | `-- yallist@3.0.3
143 silly currentTree +-- minizlib@1.2.1
143 silly currentTree +-- mississippi@3.0.0
143 silly currentTree +-- mixin-deep@1.3.1
143 silly currentTree | `-- is-extendable@1.0.1
143 silly currentTree +-- mkdirp@0.5.1
143 silly currentTree | `-- minimist@0.0.8
143 silly currentTree +-- mongodb-core@3.1.11
143 silly currentTree +-- mongodb@3.1.13
143 silly currentTree +-- mongoose-legacy-pluralize@1.0.2
143 silly currentTree +-- mongoose@5.4.20
143 silly currentTree | `-- ms@2.1.1
143 silly currentTree +-- morgan@1.9.1
143 silly currentTree +-- move-concurrently@1.0.1
143 silly currentTree +-- mpath@0.5.1
143 silly currentTree +-- mquery@3.2.0
143 silly currentTree | `-- debug@3.1.0
143 silly currentTree +-- ms@2.0.0
143 silly currentTree +-- mute-stream@0.0.7
143 silly currentTree +-- nan@2.13.1
143 silly currentTree +-- nanomatch@1.2.13
143 silly currentTree +-- needle@2.2.4
143 silly currentTree +-- negotiator@0.6.1
143 silly currentTree +-- node-fetch-npm@2.0.2
143 silly currentTree +-- node-pre-gyp@0.12.0
143 silly currentTree | `-- nopt@4.0.1
143 silly currentTree +-- nodemon@1.18.10
143 silly currentTree | +-- debug@3.2.6
143 silly currentTree | `-- ms@2.1.1
143 silly currentTree +-- nopt@1.0.10
143 silly currentTree +-- normalize-package-data@2.5.0
143 silly currentTree +-- normalize-path@3.0.0
143 silly currentTree +-- npm-bundled@1.0.6
143 silly currentTree +-- npm-package-arg@6.1.0
143 silly currentTree +-- npm-packlist@1.4.1
143 silly currentTree +-- npm-pick-manifest@2.2.3
143 silly currentTree +-- npm-registry-fetch@3.9.0
143 silly currentTree +-- npm-run-path@2.0.2
143 silly currentTree +-- npmlog@4.1.2
143 silly currentTree +-- number-is-nan@1.0.1
143 silly currentTree +-- oauth-sign@0.9.0
143 silly currentTree +-- object-assign@4.1.1
143 silly currentTree +-- object-copy@0.1.0
143 silly currentTree | +-- define-property@0.2.5
143 silly currentTree | `-- kind-of@3.2.2
143 silly currentTree +-- object-visit@1.0.1
143 silly currentTree +-- object.pick@1.3.0
143 silly currentTree +-- on-finished@2.3.0
143 silly currentTree +-- on-headers@1.0.2
143 silly currentTree +-- once@1.4.0
143 silly currentTree +-- onetime@2.0.1
143 silly currentTree +-- opn@5.4.0
143 silly currentTree +-- os-homedir@1.0.2
143 silly currentTree +-- os-tmpdir@1.0.2
143 silly currentTree +-- osenv@0.1.5
143 silly currentTree +-- p-finally@1.0.0
143 silly currentTree +-- package-json@4.0.1
143 silly currentTree +-- pacote@9.4.0
143 silly currentTree | +-- bluebird@3.5.3
143 silly currentTree | +-- get-stream@4.1.0
143 silly currentTree | +-- lru-cache@5.1.1
143 silly currentTree | `-- yallist@3.0.3
143 silly currentTree +-- parallel-transform@1.1.0
143 silly currentTree +-- parseurl@1.3.2
143 silly currentTree +-- pascalcase@0.1.1
143 silly currentTree +-- passport-local@1.0.0
143 silly currentTree +-- passport-strategy@1.0.0
143 silly currentTree +-- passport@0.4.0
143 silly currentTree +-- path-dirname@1.0.2
143 silly currentTree +-- path-is-absolute@1.0.1
143 silly currentTree +-- path-is-inside@1.0.2
143 silly currentTree +-- path-key@2.0.1
143 silly currentTree +-- path-parse@1.0.6
143 silly currentTree +-- path-to-regexp@0.1.7
143 silly currentTree +-- pause@0.0.1
143 silly currentTree +-- performance-now@2.1.0
143 silly currentTree +-- pify@3.0.0
143 silly currentTree +-- posix-character-classes@0.1.1
143 silly currentTree +-- prepend-http@1.0.4
143 silly currentTree +-- process-nextick-args@2.0.0
143 silly currentTree +-- promise-inflight@1.0.1
143 silly currentTree +-- promise-retry@1.1.1
143 silly currentTree +-- protoduck@5.0.1
143 silly currentTree +-- proxy-addr@2.0.4
143 silly currentTree +-- pseudomap@1.0.2
143 silly currentTree +-- psl@1.1.31
143 silly currentTree +-- pstree.remy@1.1.6
143 silly currentTree +-- pump@3.0.0
143 silly currentTree +-- pumpify@1.5.1
143 silly currentTree | `-- pump@2.0.1
143 silly currentTree +-- punycode@2.1.1
143 silly currentTree +-- qs@6.5.2
143 silly currentTree +-- random-bytes@1.0.0
143 silly currentTree +-- range-parser@1.2.0
143 silly currentTree +-- raw-body@2.3.3
143 silly currentTree +-- rc@1.2.8
143 silly currentTree +-- readable-stream@2.3.6
143 silly currentTree +-- readdirp@2.2.1
143 silly currentTree +-- regex-not@1.0.2
143 silly currentTree +-- regexp-clone@0.0.1
143 silly currentTree +-- registry-auth-token@3.4.0
143 silly currentTree +-- registry-url@3.1.0
143 silly currentTree +-- remove-trailing-separator@1.1.0
143 silly currentTree +-- repeat-element@1.1.3
143 silly currentTree +-- repeat-string@1.6.1
143 silly currentTree +-- request@2.88.0
143 silly currentTree +-- require_optional@1.0.1
143 silly currentTree +-- resolve-from@2.0.0
143 silly currentTree +-- resolve-url@0.2.1
143 silly currentTree +-- resolve@1.10.0
143 silly currentTree +-- restore-cursor@2.0.0
143 silly currentTree +-- ret@0.1.15
143 silly currentTree +-- retry@0.10.1
143 silly currentTree +-- rimraf@2.6.3
143 silly currentTree +-- run-async@2.3.0
143 silly currentTree +-- run-queue@1.0.3
143 silly currentTree +-- rw@1.3.3
143 silly currentTree +-- rxjs@6.3.3
143 silly currentTree +-- safe-buffer@5.1.2
143 silly currentTree +-- safe-regex@1.1.0
143 silly currentTree +-- safer-buffer@2.1.2
143 silly currentTree +-- saslprep@1.0.2
143 silly currentTree +-- sax@1.2.4
143 silly currentTree +-- semver-diff@2.1.0
143 silly currentTree +-- semver-intersect@1.4.0
143 silly currentTree +-- semver@5.7.0
143 silly currentTree +-- send@0.16.2
143 silly currentTree +-- serve-static@1.13.2
143 silly currentTree +-- set-blocking@2.0.0
143 silly currentTree +-- set-value@2.0.0
143 silly currentTree | `-- extend-shallow@2.0.1
143 silly currentTree +-- setprototypeof@1.1.0
143 silly currentTree +-- shebang-command@1.2.0
143 silly currentTree +-- shebang-regex@1.0.0
143 silly currentTree +-- signal-exit@3.0.2
143 silly currentTree +-- sliced@1.0.1
143 silly currentTree +-- smart-buffer@4.0.2
143 silly currentTree +-- snapdragon-node@2.1.1
143 silly currentTree | +-- define-property@1.0.0
143 silly currentTree | +-- is-accessor-descriptor@1.0.0
143 silly currentTree | +-- is-data-descriptor@1.0.0
143 silly currentTree | `-- is-descriptor@1.0.2
143 silly currentTree +-- snapdragon-util@3.0.1
143 silly currentTree | `-- kind-of@3.2.2
143 silly currentTree +-- snapdragon@0.8.2
143 silly currentTree | +-- define-property@0.2.5
143 silly currentTree | `-- extend-shallow@2.0.1
143 silly currentTree +-- socks-proxy-agent@4.0.2
143 silly currentTree +-- socks@2.3.2
143 silly currentTree +-- source-map-resolve@0.5.2
143 silly currentTree +-- source-map-url@0.4.0
143 silly currentTree +-- source-map@0.5.7
143 silly currentTree +-- sparse-bitfield@3.0.3
143 silly currentTree +-- spdx-correct@3.1.0
143 silly currentTree +-- spdx-exceptions@2.2.0
143 silly currentTree +-- spdx-expression-parse@3.0.0
143 silly currentTree +-- spdx-license-ids@3.0.3
143 silly currentTree +-- split-string@3.1.0
143 silly currentTree +-- sshpk@1.16.1
143 silly currentTree +-- ssri@6.0.1
143 silly currentTree +-- static-extend@0.1.2
143 silly currentTree | `-- define-property@0.2.5
143 silly currentTree +-- statuses@1.4.0
143 silly currentTree +-- stream-each@1.2.3
143 silly currentTree +-- stream-shift@1.0.0
143 silly currentTree +-- string_decoder@1.1.1
143 silly currentTree +-- string-width@2.1.1
143 silly currentTree +-- strip-ansi@4.0.0
143 silly currentTree +-- strip-eof@1.0.0
143 silly currentTree +-- strip-json-comments@2.0.1
143 silly currentTree +-- supports-color@5.5.0
143 silly currentTree +-- symbol-observable@1.2.0
143 silly currentTree +-- tar@4.4.8
143 silly currentTree | `-- yallist@3.0.3
143 silly currentTree +-- term-size@1.2.0
143 silly currentTree +-- through@2.3.8
143 silly currentTree +-- through2@2.0.5
143 silly currentTree +-- timed-out@4.0.1
143 silly currentTree +-- tmp@0.0.33
143 silly currentTree +-- to-object-path@0.3.0
143 silly currentTree | `-- kind-of@3.2.2
143 silly currentTree +-- to-regex-range@2.1.1
143 silly currentTree +-- to-regex@3.0.2
143 silly currentTree +-- topo@3.0.3
143 silly currentTree +-- touch@3.1.0
143 silly currentTree +-- tough-cookie@2.4.3
143 silly currentTree | `-- punycode@1.4.1
143 silly currentTree +-- tslib@1.9.3
143 silly currentTree +-- tunnel-agent@0.6.0
143 silly currentTree +-- tweetnacl@0.14.5
143 silly currentTree +-- type-is@1.6.16
143 silly currentTree +-- typedarray@0.0.6
143 silly currentTree +-- typescript@3.2.4
143 silly currentTree +-- uid-safe@2.1.5
143 silly currentTree +-- undefsafe@2.0.2
143 silly currentTree +-- union-value@1.0.0
143 silly currentTree | +-- extend-shallow@2.0.1
143 silly currentTree | `-- set-value@0.4.3
143 silly currentTree +-- unique-filename@1.1.1
143 silly currentTree +-- unique-slug@2.0.1
143 silly currentTree +-- unique-string@1.0.0
143 silly currentTree +-- unpipe@1.0.0
143 silly currentTree +-- unset-value@1.0.0
143 silly currentTree | +-- has-value@0.3.1
143 silly currentTree | | `-- isobject@2.1.0
143 silly currentTree | `-- has-values@0.1.4
143 silly currentTree +-- unzip-response@2.0.1
143 silly currentTree +-- upath@1.1.2
143 silly currentTree +-- update-notifier@2.5.0
143 silly currentTree +-- uri-js@4.2.2
143 silly currentTree +-- urix@0.1.0
143 silly currentTree +-- url-parse-lax@1.0.0
143 silly currentTree +-- use@3.1.1
143 silly currentTree +-- util-deprecate@1.0.2
143 silly currentTree +-- utils-merge@1.0.1
143 silly currentTree +-- uuid@3.3.2
143 silly currentTree +-- validate-npm-package-license@3.0.4
143 silly currentTree +-- validate-npm-package-name@3.0.0
143 silly currentTree +-- vary@1.1.2
143 silly currentTree +-- verror@1.10.0
143 silly currentTree +-- which@1.3.1
143 silly currentTree +-- wide-align@1.1.3
143 silly currentTree +-- widest-line@2.0.1
143 silly currentTree +-- wrappy@1.0.2
143 silly currentTree +-- write-file-atomic@2.4.2
143 silly currentTree +-- xdg-basedir@3.0.0
143 silly currentTree +-- xtend@4.0.1
143 silly currentTree +-- y18n@4.0.0
143 silly currentTree `-- yallist@2.1.2
144 silly idealTree mean@0.0.0
144 silly idealTree +-- @angular-devkit/architect@0.13.7
144 silly idealTree +-- @angular-devkit/core@7.3.7
144 silly idealTree | +-- chokidar@2.0.4
144 silly idealTree | +-- normalize-path@2.1.1
144 silly idealTree | `-- source-map@0.7.3
144 silly idealTree +-- @angular-devkit/schematics@7.3.7
144 silly idealTree +-- @angular/cli@7.3.7
144 silly idealTree | `-- semver@5.6.0
144 silly idealTree +-- @schematics/angular@7.3.7
144 silly idealTree +-- @schematics/update@0.13.7
144 silly idealTree | `-- semver@5.6.0
144 silly idealTree +-- @yarnpkg/lockfile@1.1.0
144 silly idealTree +-- abbrev@1.1.1
144 silly idealTree +-- accepts@1.3.5
144 silly idealTree +-- agent-base@4.2.1
144 silly idealTree +-- agentkeepalive@3.5.2
144 silly idealTree +-- ajv@6.9.1
144 silly idealTree +-- ansi-align@2.0.0
144 silly idealTree +-- ansi-escapes@3.2.0
144 silly idealTree +-- ansi-regex@3.0.0
144 silly idealTree +-- ansi-styles@3.2.1
144 silly idealTree +-- anymatch@2.0.0
144 silly idealTree | `-- normalize-path@2.1.1
144 silly idealTree +-- aproba@1.2.0
144 silly idealTree +-- are-we-there-yet@1.1.5
144 silly idealTree +-- arr-diff@4.0.0
144 silly idealTree +-- arr-flatten@1.1.0
144 silly idealTree +-- arr-union@3.1.0
144 silly idealTree +-- array-flatten@1.1.1
144 silly idealTree +-- array-unique@0.3.2
144 silly idealTree +-- asn1@0.2.4
144 silly idealTree +-- assert-plus@1.0.0
144 silly idealTree +-- assign-symbols@1.0.0
144 silly idealTree +-- async-each@1.0.2
144 silly idealTree +-- async@2.6.1
144 silly idealTree +-- asynckit@0.4.0
144 silly idealTree +-- atob@2.1.2
144 silly idealTree +-- aws-sign2@0.7.0
144 silly idealTree +-- aws4@1.8.0
144 silly idealTree +-- balanced-match@1.0.0
144 silly idealTree +-- base@0.11.2
144 silly idealTree | +-- define-property@1.0.0
144 silly idealTree | +-- is-accessor-descriptor@1.0.0
144 silly idealTree | +-- is-data-descriptor@1.0.0
144 silly idealTree | `-- is-descriptor@1.0.2
144 silly idealTree +-- basic-auth@2.0.1
144 silly idealTree +-- bcrypt-pbkdf@1.0.2
144 silly idealTree +-- bcrypt@3.0.5
144 silly idealTree +-- binary-extensions@1.13.1
144 silly idealTree +-- bluebird@3.5.1
144 silly idealTree +-- body-parser@1.18.3
144 silly idealTree +-- boxen@1.3.0
144 silly idealTree +-- brace-expansion@1.1.11
144 silly idealTree +-- braces@2.3.2
144 silly idealTree | `-- extend-shallow@2.0.1
144 silly idealTree +-- bson@1.1.1
144 silly idealTree +-- buffer-from@1.1.1
144 silly idealTree +-- builtins@1.0.3
144 silly idealTree +-- bytes@3.0.0
144 silly idealTree +-- c3@0.6.14
144 silly idealTree +-- cacache@11.3.2
144 silly idealTree | +-- bluebird@3.5.3
144 silly idealTree | +-- lru-cache@5.1.1
144 silly idealTree | `-- yallist@3.0.3
144 silly idealTree +-- cache-base@1.0.1
144 silly idealTree +-- camelcase@4.1.0
144 silly idealTree +-- capture-stack-trace@1.0.1
144 silly idealTree +-- caseless@0.12.0
144 silly idealTree +-- chalk@2.4.2
144 silly idealTree +-- chardet@0.7.0
144 silly idealTree +-- chokidar@2.1.5
144 silly idealTree +-- chownr@1.1.1
144 silly idealTree +-- ci-info@1.6.0
144 silly idealTree +-- class-utils@0.3.6
144 silly idealTree | `-- define-property@0.2.5
144 silly idealTree +-- cli-boxes@1.0.0
144 silly idealTree +-- cli-cursor@2.1.0
144 silly idealTree +-- cli-width@2.2.0
144 silly idealTree +-- code-point-at@1.1.0
144 silly idealTree +-- collection-visit@1.0.0
144 silly idealTree +-- color-convert@1.9.3
144 silly idealTree +-- color-name@1.1.3
144 silly idealTree +-- combined-stream@1.0.7
144 silly idealTree +-- commander@2.19.0
144 silly idealTree +-- component-emitter@1.2.1
144 silly idealTree +-- concat-map@0.0.1
144 silly idealTree +-- concat-stream@1.6.2
144 silly idealTree +-- configstore@3.1.2
144 silly idealTree +-- connect-flash@0.1.1
144 silly idealTree +-- console-control-strings@1.1.0
144 silly idealTree +-- content-disposition@0.5.2
144 silly idealTree +-- content-type@1.0.4
144 silly idealTree +-- cookie-parser@1.4.4
144 silly idealTree +-- cookie-signature@1.0.6
144 silly idealTree +-- cookie@0.3.1
144 silly idealTree +-- copy-concurrently@1.0.5
144 silly idealTree +-- copy-descriptor@0.1.1
144 silly idealTree +-- core-util-is@1.0.2
144 silly idealTree +-- crc@3.4.4
144 silly idealTree +-- create-error-class@3.0.2
144 silly idealTree +-- cross-spawn@5.1.0
144 silly idealTree +-- crypto-random-string@1.0.0
144 silly idealTree +-- cyclist@0.2.2
144 silly idealTree +-- d3-array@1.2.4
144 silly idealTree +-- d3-axis@1.0.12
144 silly idealTree +-- d3-brush@1.0.6
144 silly idealTree +-- d3-chord@1.0.6
144 silly idealTree +-- d3-collection@1.0.7
144 silly idealTree +-- d3-color@1.2.3
144 silly idealTree +-- d3-contour@1.3.2
144 silly idealTree +-- d3-dispatch@1.0.5
144 silly idealTree +-- d3-drag@1.2.3
144 silly idealTree +-- d3-dsv@1.1.1
144 silly idealTree +-- d3-ease@1.0.5
144 silly idealTree +-- d3-fetch@1.1.2
144 silly idealTree +-- d3-force@1.2.1
144 silly idealTree +-- d3-format@1.3.2
144 silly idealTree +-- d3-geo@1.11.3
144 silly idealTree +-- d3-hierarchy@1.1.8
144 silly idealTree +-- d3-interpolate@1.3.2
144 silly idealTree +-- d3-path@1.0.7
144 silly idealTree +-- d3-polygon@1.0.5
144 silly idealTree +-- d3-quadtree@1.0.6
144 silly idealTree +-- d3-random@1.1.2
144 silly idealTree +-- d3-scale-chromatic@1.3.3
144 silly idealTree +-- d3-scale@2.2.2
144 silly idealTree +-- d3-selection@1.4.0
144 silly idealTree +-- d3-shape@1.3.5
144 silly idealTree +-- d3-time-format@2.1.3
144 silly idealTree +-- d3-time@1.0.11
144 silly idealTree +-- d3-timer@1.0.9
144 silly idealTree +-- d3-transition@1.2.0
144 silly idealTree +-- d3-voronoi@1.1.4
144 silly idealTree +-- d3-zoom@1.7.3
144 silly idealTree +-- d3@5.9.2
144 silly idealTree +-- dashdash@1.14.1
144 silly idealTree +-- debug@2.6.9
144 silly idealTree +-- decode-uri-component@0.2.0
144 silly idealTree +-- deep-extend@0.6.0
144 silly idealTree +-- define-property@2.0.2
144 silly idealTree | +-- is-accessor-descriptor@1.0.0
144 silly idealTree | +-- is-data-descriptor@1.0.0
144 silly idealTree | `-- is-descriptor@1.0.2
144 silly idealTree +-- delayed-stream@1.0.0
144 silly idealTree +-- delegates@1.0.0
144 silly idealTree +-- depd@1.1.2
144 silly idealTree +-- destroy@1.0.4
144 silly idealTree +-- detect-libc@1.0.3
144 silly idealTree +-- dot-prop@4.2.0
144 silly idealTree +-- duplexer3@0.1.4
144 silly idealTree +-- duplexify@3.7.1
144 silly idealTree +-- ecc-jsbn@0.1.2
144 silly idealTree +-- ee-first@1.1.1
144 silly idealTree +-- ejs@2.5.9
144 silly idealTree +-- encodeurl@1.0.2
144 silly idealTree +-- encoding@0.1.12
144 silly idealTree +-- end-of-stream@1.4.1
144 silly idealTree +-- err-code@1.1.2
144 silly idealTree +-- es6-promise@4.2.6
144 silly idealTree +-- es6-promisify@5.0.0
144 silly idealTree +-- escape-html@1.0.3
144 silly idealTree +-- escape-string-regexp@1.0.5
144 silly idealTree +-- etag@1.8.1
144 silly idealTree +-- execa@0.7.0
144 silly idealTree +-- expand-brackets@2.1.4
144 silly idealTree | +-- define-property@0.2.5
144 silly idealTree | `-- extend-shallow@2.0.1
144 silly idealTree +-- express-session@1.15.6
144 silly idealTree +-- express-validation@1.0.2
144 silly idealTree +-- express@4.16.4
144 silly idealTree +-- extend-shallow@3.0.2
144 silly idealTree | `-- is-extendable@1.0.1
144 silly idealTree +-- extend@3.0.2
144 silly idealTree +-- external-editor@3.0.3
144 silly idealTree | `-- iconv-lite@0.4.24
144 silly idealTree +-- extglob@2.0.4
144 silly idealTree | +-- define-property@1.0.0
144 silly idealTree | +-- extend-shallow@2.0.1
144 silly idealTree | +-- is-accessor-descriptor@1.0.0
144 silly idealTree | +-- is-data-descriptor@1.0.0
144 silly idealTree | `-- is-descriptor@1.0.2
144 silly idealTree +-- extsprintf@1.3.0
144 silly idealTree +-- fast-deep-equal@2.0.1
144 silly idealTree +-- fast-json-stable-stringify@2.0.0
144 silly idealTree +-- figgy-pudding@3.5.1
144 silly idealTree +-- figures@2.0.0
144 silly idealTree +-- fill-range@4.0.0
144 silly idealTree | `-- extend-shallow@2.0.1
144 silly idealTree +-- finalhandler@1.1.1
144 silly idealTree +-- flash@1.1.0
144 silly idealTree +-- flush-write-stream@1.1.1
144 silly idealTree +-- for-in@1.0.2
144 silly idealTree +-- forever-agent@0.6.1
144 silly idealTree +-- form-data@2.3.3
144 silly idealTree +-- forwarded@0.1.2
144 silly idealTree +-- fragment-cache@0.2.1
144 silly idealTree +-- fresh@0.5.2
144 silly idealTree +-- from2@2.3.0
144 silly idealTree +-- fs-minipass@1.2.5
144 silly idealTree +-- fs-write-stream-atomic@1.0.10
144 silly idealTree +-- fs.realpath@1.0.0
144 silly idealTree +-- fs@0.0.1-security
144 silly idealTree +-- gauge@2.7.4
144 silly idealTree | +-- ansi-regex@2.1.1
144 silly idealTree | +-- is-fullwidth-code-point@1.0.0
144 silly idealTree | +-- string-width@1.0.2
144 silly idealTree | `-- strip-ansi@3.0.1
144 silly idealTree +-- genfun@5.0.0
144 silly idealTree +-- get-stream@3.0.0
144 silly idealTree +-- get-value@2.0.6
144 silly idealTree +-- getpass@0.1.7
144 silly idealTree +-- glob-parent@3.1.0
144 silly idealTree | `-- is-glob@3.1.0
144 silly idealTree +-- glob@7.1.3
144 silly idealTree +-- global-dirs@0.1.1
144 silly idealTree +-- got@6.7.1
144 silly idealTree +-- graceful-fs@4.1.15
144 silly idealTree +-- har-schema@2.0.0
144 silly idealTree +-- har-validator@5.1.3
144 silly idealTree +-- has-flag@3.0.0
144 silly idealTree +-- has-unicode@2.0.1
144 silly idealTree +-- has-value@1.0.0
144 silly idealTree +-- has-values@1.0.0
144 silly idealTree | `-- kind-of@4.0.0
144 silly idealTree +-- hoek@6.1.3
144 silly idealTree +-- hosted-git-info@2.7.1
144 silly idealTree +-- http-cache-semantics@3.8.1
144 silly idealTree +-- http-errors@1.6.3
144 silly idealTree +-- http-proxy-agent@2.1.0
144 silly idealTree | `-- debug@3.1.0
144 silly idealTree +-- http-signature@1.2.0
144 silly idealTree +-- https-proxy-agent@2.2.1
144 silly idealTree | +-- debug@3.2.6
144 silly idealTree | `-- ms@2.1.1
144 silly idealTree +-- humanize-ms@1.2.1
144 silly idealTree +-- iconv-lite@0.4.23
144 silly idealTree +-- iferr@0.1.5
144 silly idealTree +-- ignore-by-default@1.0.1
144 silly idealTree +-- ignore-walk@3.0.1
144 silly idealTree +-- import-lazy@2.1.0
144 silly idealTree +-- imurmurhash@0.1.4
144 silly idealTree +-- inflight@1.0.6
144 silly idealTree +-- inherits@2.0.3
144 silly idealTree +-- ini@1.3.5
144 silly idealTree +-- inquirer@6.2.1
144 silly idealTree | +-- ansi-regex@4.1.0
144 silly idealTree | `-- strip-ansi@5.2.0
144 silly idealTree +-- ip@1.1.5
144 silly idealTree +-- ipaddr.js@1.8.0
144 silly idealTree +-- is-accessor-descriptor@0.1.6
144 silly idealTree | `-- kind-of@3.2.2
144 silly idealTree +-- is-binary-path@1.0.1
144 silly idealTree +-- is-buffer@1.1.6
144 silly idealTree +-- is-ci@1.2.1
144 silly idealTree +-- is-data-descriptor@0.1.4
144 silly idealTree | `-- kind-of@3.2.2
144 silly idealTree +-- is-descriptor@0.1.6
144 silly idealTree | `-- kind-of@5.1.0
144 silly idealTree +-- is-extendable@0.1.1
144 silly idealTree +-- is-extglob@2.1.1
144 silly idealTree +-- is-fullwidth-code-point@2.0.0
144 silly idealTree +-- is-glob@4.0.1
144 silly idealTree +-- is-installed-globally@0.1.0
144 silly idealTree +-- is-npm@1.0.0
144 silly idealTree +-- is-number@3.0.0
144 silly idealTree | `-- kind-of@3.2.2
144 silly idealTree +-- is-obj@1.0.1
144 silly idealTree +-- is-path-inside@1.0.1
144 silly idealTree +-- is-plain-object@2.0.4
144 silly idealTree +-- is-promise@2.1.0
144 silly idealTree +-- is-redirect@1.0.0
144 silly idealTree +-- is-retry-allowed@1.1.0
144 silly idealTree +-- is-stream@1.1.0
144 silly idealTree +-- is-typedarray@1.0.0
144 silly idealTree +-- is-windows@1.0.2
144 silly idealTree +-- is-wsl@1.1.0
144 silly idealTree +-- isarray@1.0.0
144 silly idealTree +-- isemail@3.2.0
144 silly idealTree +-- isexe@2.0.0
144 silly idealTree +-- isobject@3.0.1
144 silly idealTree +-- isstream@0.1.2
144 silly idealTree +-- joi@14.3.1
144 silly idealTree +-- jsbn@0.1.1
144 silly idealTree +-- json-parse-better-errors@1.0.2
144 silly idealTree +-- json-schema-traverse@0.4.1
144 silly idealTree +-- json-schema@0.2.3
144 silly idealTree +-- json-stringify-safe@5.0.1
144 silly idealTree +-- jsonparse@1.3.1
144 silly idealTree +-- JSONStream@1.3.5
144 silly idealTree +-- jsprim@1.4.1
144 silly idealTree +-- kareem@2.3.0
144 silly idealTree +-- kind-of@6.0.2
144 silly idealTree +-- latest-version@3.1.0
144 silly idealTree +-- lodash.debounce@4.0.8
144 silly idealTree +-- lodash@4.17.11
144 silly idealTree +-- lowercase-keys@1.0.1
144 silly idealTree +-- lru-cache@4.1.5
144 silly idealTree +-- make-dir@1.3.0
144 silly idealTree +-- make-fetch-happen@4.0.1
144 silly idealTree +-- map-cache@0.2.2
144 silly idealTree +-- map-visit@1.0.0
144 silly idealTree +-- media-typer@0.3.0
144 silly idealTree +-- memory-pager@1.5.0
144 silly idealTree +-- merge-descriptors@1.0.1
144 silly idealTree +-- methods@1.1.2
144 silly idealTree +-- micromatch@3.1.10
144 silly idealTree +-- mime-db@1.38.0
144 silly idealTree +-- mime-types@2.1.22
144 silly idealTree +-- mime@1.4.1
144 silly idealTree +-- mimic-fn@1.2.0
144 silly idealTree +-- minimatch@3.0.4
144 silly idealTree +-- minimist@1.2.0
144 silly idealTree +-- minipass@2.3.5
144 silly idealTree | `-- yallist@3.0.3
144 silly idealTree +-- minizlib@1.2.1
144 silly idealTree +-- mississippi@3.0.0
144 silly idealTree +-- mixin-deep@1.3.1
144 silly idealTree | `-- is-extendable@1.0.1
144 silly idealTree +-- mkdirp@0.5.1
144 silly idealTree | `-- minimist@0.0.8
144 silly idealTree +-- mongodb-core@3.1.11
144 silly idealTree +-- mongodb@3.1.13
144 silly idealTree +-- mongoose-legacy-pluralize@1.0.2
144 silly idealTree +-- mongoose@5.4.20
144 silly idealTree | `-- ms@2.1.1
144 silly idealTree +-- morgan@1.9.1
144 silly idealTree +-- move-concurrently@1.0.1
144 silly idealTree +-- mpath@0.5.1
144 silly idealTree +-- mquery@3.2.0
144 silly idealTree | `-- debug@3.1.0
144 silly idealTree +-- ms@2.0.0
144 silly idealTree +-- mute-stream@0.0.7
144 silly idealTree +-- nan@2.13.1
144 silly idealTree +-- nanomatch@1.2.13
144 silly idealTree +-- needle@2.2.4
144 silly idealTree +-- negotiator@0.6.1
144 silly idealTree +-- node-fetch-npm@2.0.2
144 silly idealTree +-- node-pre-gyp@0.12.0
144 silly idealTree | `-- nopt@4.0.1
144 silly idealTree +-- nodemon@1.18.10
144 silly idealTree | +-- debug@3.2.6
144 silly idealTree | `-- ms@2.1.1
144 silly idealTree +-- nopt@1.0.10
144 silly idealTree +-- normalize-package-data@2.5.0
144 silly idealTree +-- normalize-path@3.0.0
144 silly idealTree +-- npm-bundled@1.0.6
144 silly idealTree +-- npm-package-arg@6.1.0
144 silly idealTree +-- npm-packlist@1.4.1
144 silly idealTree +-- npm-pick-manifest@2.2.3
144 silly idealTree +-- npm-registry-fetch@3.9.0
144 silly idealTree +-- npm-run-path@2.0.2
144 silly idealTree +-- npmlog@4.1.2
144 silly idealTree +-- number-is-nan@1.0.1
144 silly idealTree +-- oauth-sign@0.9.0
144 silly idealTree +-- object-assign@4.1.1
144 silly idealTree +-- object-copy@0.1.0
144 silly idealTree | +-- define-property@0.2.5
144 silly idealTree | `-- kind-of@3.2.2
144 silly idealTree +-- object-visit@1.0.1
144 silly idealTree +-- object.pick@1.3.0
144 silly idealTree +-- on-finished@2.3.0
144 silly idealTree +-- on-headers@1.0.2
144 silly idealTree +-- once@1.4.0
144 silly idealTree +-- onetime@2.0.1
144 silly idealTree +-- opn@5.4.0
144 silly idealTree +-- os-homedir@1.0.2
144 silly idealTree +-- os-tmpdir@1.0.2
144 silly idealTree +-- osenv@0.1.5
144 silly idealTree +-- p-finally@1.0.0
144 silly idealTree +-- package-json@4.0.1
144 silly idealTree +-- pacote@9.4.0
144 silly idealTree | +-- bluebird@3.5.3
144 silly idealTree | +-- get-stream@4.1.0
144 silly idealTree | +-- lru-cache@5.1.1
144 silly idealTree | `-- yallist@3.0.3
144 silly idealTree +-- parallel-transform@1.1.0
144 silly idealTree +-- parseurl@1.3.2
144 silly idealTree +-- pascalcase@0.1.1
144 silly idealTree +-- passport-local@1.0.0
144 silly idealTree +-- passport-strategy@1.0.0
144 silly idealTree +-- passport@0.4.0
144 silly idealTree +-- path-dirname@1.0.2
144 silly idealTree +-- path-is-absolute@1.0.1
144 silly idealTree +-- path-is-inside@1.0.2
144 silly idealTree +-- path-key@2.0.1
144 silly idealTree +-- path-parse@1.0.6
144 silly idealTree +-- path-to-regexp@0.1.7
144 silly idealTree +-- pause@0.0.1
144 silly idealTree +-- performance-now@2.1.0
144 silly idealTree +-- pify@3.0.0
144 silly idealTree +-- posix-character-classes@0.1.1
144 silly idealTree +-- prepend-http@1.0.4
144 silly idealTree +-- process-nextick-args@2.0.0
144 silly idealTree +-- promise-inflight@1.0.1
144 silly idealTree +-- promise-retry@1.1.1
144 silly idealTree +-- protoduck@5.0.1
144 silly idealTree +-- proxy-addr@2.0.4
144 silly idealTree +-- pseudomap@1.0.2
144 silly idealTree +-- psl@1.1.31
144 silly idealTree +-- pstree.remy@1.1.6
144 silly idealTree +-- pump@3.0.0
144 silly idealTree +-- pumpify@1.5.1
144 silly idealTree | `-- pump@2.0.1
144 silly idealTree +-- punycode@2.1.1
144 silly idealTree +-- qs@6.5.2
144 silly idealTree +-- random-bytes@1.0.0
144 silly idealTree +-- range-parser@1.2.0
144 silly idealTree +-- raw-body@2.3.3
144 silly idealTree +-- rc@1.2.8
144 silly idealTree +-- readable-stream@2.3.6
144 silly idealTree +-- readdirp@2.2.1
144 silly idealTree +-- regex-not@1.0.2
144 silly idealTree +-- regexp-clone@0.0.1
144 silly idealTree +-- registry-auth-token@3.4.0
144 silly idealTree +-- registry-url@3.1.0
144 silly idealTree +-- remove-trailing-separator@1.1.0
144 silly idealTree +-- repeat-element@1.1.3
144 silly idealTree +-- repeat-string@1.6.1
144 silly idealTree +-- request@2.88.0
144 silly idealTree +-- require_optional@1.0.1
144 silly idealTree +-- resolve-from@2.0.0
144 silly idealTree +-- resolve-url@0.2.1
144 silly idealTree +-- resolve@1.10.0
144 silly idealTree +-- restore-cursor@2.0.0
144 silly idealTree +-- ret@0.1.15
144 silly idealTree +-- retry@0.10.1
144 silly idealTree +-- rimraf@2.6.3
144 silly idealTree +-- run-async@2.3.0
144 silly idealTree +-- run-queue@1.0.3
144 silly idealTree +-- rw@1.3.3
144 silly idealTree +-- rxjs@6.3.3
144 silly idealTree +-- safe-buffer@5.1.2
144 silly idealTree +-- safe-regex@1.1.0
144 silly idealTree +-- safer-buffer@2.1.2
144 silly idealTree +-- saslprep@1.0.2
144 silly idealTree +-- sax@1.2.4
144 silly idealTree +-- semver-diff@2.1.0
144 silly idealTree +-- semver-intersect@1.4.0
144 silly idealTree +-- semver@5.7.0
144 silly idealTree +-- send@0.16.2
144 silly idealTree +-- serve-static@1.13.2
144 silly idealTree +-- set-blocking@2.0.0
144 silly idealTree +-- set-value@2.0.0
144 silly idealTree | `-- extend-shallow@2.0.1
144 silly idealTree +-- setprototypeof@1.1.0
144 silly idealTree +-- shebang-command@1.2.0
144 silly idealTree +-- shebang-regex@1.0.0
144 silly idealTree +-- signal-exit@3.0.2
144 silly idealTree +-- sliced@1.0.1
144 silly idealTree +-- smart-buffer@4.0.2
144 silly idealTree +-- snapdragon-node@2.1.1
144 silly idealTree | +-- define-property@1.0.0
144 silly idealTree | +-- is-accessor-descriptor@1.0.0
144 silly idealTree | +-- is-data-descriptor@1.0.0
144 silly idealTree | `-- is-descriptor@1.0.2
144 silly idealTree +-- snapdragon-util@3.0.1
144 silly idealTree | `-- kind-of@3.2.2
144 silly idealTree +-- snapdragon@0.8.2
144 silly idealTree | +-- define-property@0.2.5
144 silly idealTree | `-- extend-shallow@2.0.1
144 silly idealTree +-- socks-proxy-agent@4.0.2
144 silly idealTree +-- socks@2.3.2
144 silly idealTree +-- source-map-resolve@0.5.2
144 silly idealTree +-- source-map-url@0.4.0
144 silly idealTree +-- source-map@0.5.7
144 silly idealTree +-- sparse-bitfield@3.0.3
144 silly idealTree +-- spdx-correct@3.1.0
144 silly idealTree +-- spdx-exceptions@2.2.0
144 silly idealTree +-- spdx-expression-parse@3.0.0
144 silly idealTree +-- spdx-license-ids@3.0.3
144 silly idealTree +-- split-string@3.1.0
144 silly idealTree +-- sshpk@1.16.1
144 silly idealTree +-- ssri@6.0.1
144 silly idealTree +-- static-extend@0.1.2
144 silly idealTree | `-- define-property@0.2.5
144 silly idealTree +-- statuses@1.4.0
144 silly idealTree +-- stream-each@1.2.3
144 silly idealTree +-- stream-shift@1.0.0
144 silly idealTree +-- string_decoder@1.1.1
144 silly idealTree +-- string-width@2.1.1
144 silly idealTree +-- strip-ansi@4.0.0
144 silly idealTree +-- strip-eof@1.0.0
144 silly idealTree +-- strip-json-comments@2.0.1
144 silly idealTree +-- supports-color@5.5.0
144 silly idealTree +-- symbol-observable@1.2.0
144 silly idealTree +-- tar@4.4.8
144 silly idealTree | `-- yallist@3.0.3
144 silly idealTree +-- term-size@1.2.0
144 silly idealTree +-- through@2.3.8
144 silly idealTree +-- through2@2.0.5
144 silly idealTree +-- timed-out@4.0.1
144 silly idealTree +-- tmp@0.0.33
144 silly idealTree +-- to-object-path@0.3.0
144 silly idealTree | `-- kind-of@3.2.2
144 silly idealTree +-- to-regex-range@2.1.1
144 silly idealTree +-- to-regex@3.0.2
144 silly idealTree +-- topo@3.0.3
144 silly idealTree +-- touch@3.1.0
144 silly idealTree +-- tough-cookie@2.4.3
144 silly idealTree | `-- punycode@1.4.1
144 silly idealTree +-- tslib@1.9.3
144 silly idealTree +-- tunnel-agent@0.6.0
144 silly idealTree +-- tweetnacl@0.14.5
144 silly idealTree +-- type-is@1.6.16
144 silly idealTree +-- typedarray@0.0.6
144 silly idealTree +-- typescript@3.2.4
144 silly idealTree +-- uid-safe@2.1.5
144 silly idealTree +-- undefsafe@2.0.2
144 silly idealTree +-- union-value@1.0.0
144 silly idealTree | +-- extend-shallow@2.0.1
144 silly idealTree | `-- set-value@0.4.3
144 silly idealTree +-- unique-filename@1.1.1
144 silly idealTree +-- unique-slug@2.0.1
144 silly idealTree +-- unique-string@1.0.0
144 silly idealTree +-- unpipe@1.0.0
144 silly idealTree +-- unset-value@1.0.0
144 silly idealTree | +-- has-value@0.3.1
144 silly idealTree | | `-- isobject@2.1.0
144 silly idealTree | `-- has-values@0.1.4
144 silly idealTree +-- unzip-response@2.0.1
144 silly idealTree +-- upath@1.1.2
144 silly idealTree +-- update-notifier@2.5.0
144 silly idealTree +-- uri-js@4.2.2
144 silly idealTree +-- urix@0.1.0
144 silly idealTree +-- url-parse-lax@1.0.0
144 silly idealTree +-- use@3.1.1
144 silly idealTree +-- util-deprecate@1.0.2
144 silly idealTree +-- utils-merge@1.0.1
144 silly idealTree +-- uuid@3.3.2
144 silly idealTree +-- validate-npm-package-license@3.0.4
144 silly idealTree +-- validate-npm-package-name@3.0.0
144 silly idealTree +-- vary@1.1.2
144 silly idealTree +-- verror@1.10.0
144 silly idealTree +-- which@1.3.1
144 silly idealTree +-- wide-align@1.1.3
144 silly idealTree +-- widest-line@2.0.1
144 silly idealTree +-- wrappy@1.0.2
144 silly idealTree +-- write-file-atomic@2.4.2
144 silly idealTree +-- xdg-basedir@3.0.0
144 silly idealTree +-- xtend@4.0.1
144 silly idealTree +-- y18n@4.0.0
144 silly idealTree `-- yallist@2.1.2
145 silly generateActionsToTake Starting
146 silly install generateActionsToTake
147 warn checkPermissions Missing write access to /home/fury/Desktop/MEAN/node_modules/@angular
148 silly rollbackFailedOptional Starting
149 silly rollbackFailedOptional Finishing
150 silly runTopLevelLifecycles Starting
151 silly runTopLevelLifecycles Finishing
152 silly install printInstalled
153 warn optional Skipping failed optional dependency /@angular-devkit/core/chokidar/fsevents:
154 warn notsup Not compatible with your operating system or architecture: fsevents@1.2.7
155 warn optional Skipping failed optional dependency /chokidar/fsevents:
156 warn notsup Not compatible with your operating system or architecture: fsevents@1.2.7
157 verbose stack Error: EACCES: permission denied, access '/home/fury/Desktop/MEAN/node_modules/@angular'
158 verbose cwd /home/fury/Desktop/MEAN
159 error Linux 4.15.0-46-generic
160 error argv "/usr/bin/node" "/usr/share/npm/bin/npm-cli.js" "install" "--scripts-prepend-node-path=auto"
161 error node v8.10.0
162 error npm  v3.5.2
163 error path /home/fury/Desktop/MEAN/node_modules/@angular
164 error code EACCES
165 error errno -13
166 error syscall access
167 error Error: EACCES: permission denied, access '/home/fury/Desktop/MEAN/node_modules/@angular'
167 error  { Error: EACCES: permission denied, access '/home/fury/Desktop/MEAN/node_modules/@angular'
167 error   errno: -13,
167 error   code: 'EACCES',
167 error   syscall: 'access',
167 error   path: '/home/fury/Desktop/MEAN/node_modules/@angular' }
168 error Please try running this command again as root/Administrator.
169 verbose exit [ -13, true ]
